{"/Users/jim/Development/chs73/svelte.config.js": {"path":"/Users/jim/Development/chs73/svelte.config.js","all":false,"statementMap":{"0":{"start":{"line":1,"column":0},"end":{"line":1,"column":47}},"1":{"start":{"line":2,"column":0},"end":{"line":2,"column":42}},"2":{"start":{"line":3,"column":0},"end":{"line":3,"column":0}},"3":{"start":{"line":4,"column":0},"end":{"line":4,"column":16}},"4":{"start":{"line":5,"column":0},"end":{"line":5,"column":44}},"5":{"start":{"line":6,"column":0},"end":{"line":6,"column":0}},"6":{"start":{"line":7,"column":0},"end":{"line":7,"column":8}},"7":{"start":{"line":8,"column":0},"end":{"line":8,"column":22}},"8":{"start":{"line":9,"column":0},"end":{"line":9,"column":18}},"9":{"start":{"line":10,"column":0},"end":{"line":10,"column":18}},"10":{"start":{"line":11,"column":0},"end":{"line":11,"column":7}},"11":{"start":{"line":12,"column":0},"end":{"line":12,"column":10}},"12":{"start":{"line":13,"column":0},"end":{"line":13,"column":25}},"13":{"start":{"line":14,"column":0},"end":{"line":14,"column":29}},"14":{"start":{"line":15,"column":0},"end":{"line":15,"column":6}},"15":{"start":{"line":16,"column":0},"end":{"line":16,"column":3}},"16":{"start":{"line":17,"column":0},"end":{"line":17,"column":1}},"17":{"start":{"line":18,"column":0},"end":{"line":18,"column":0}},"18":{"start":{"line":19,"column":0},"end":{"line":19,"column":21}}},"s":{"0":2,"1":2,"2":2,"3":2,"4":2,"5":2,"6":2,"7":2,"8":2,"9":2,"10":2,"11":2,"12":2,"13":2,"14":2,"15":2,"16":2,"17":2,"18":2},"branchMap":{"0":{"type":"branch","line":1,"loc":{"start":{"line":1,"column":0},"end":{"line":19,"column":21}},"locations":[{"start":{"line":1,"column":0},"end":{"line":19,"column":21}}]}},"b":{"0":[2]},"fnMap":{},"f":{}}
,"/Users/jim/Development/chs73/.svelte-kit/output/server/index.js": {"path":"/Users/jim/Development/chs73/.svelte-kit/output/server/index.js","all":false,"statementMap":{"0":{"start":{"line":1,"column":0},"end":{"line":1,"column":128}},"1":{"start":{"line":2,"column":0},"end":{"line":2,"column":35}},"2":{"start":{"line":3,"column":0},"end":{"line":3,"column":66}},"3":{"start":{"line":4,"column":0},"end":{"line":4,"column":42}},"4":{"start":{"line":5,"column":0},"end":{"line":5,"column":55}},"5":{"start":{"line":6,"column":0},"end":{"line":6,"column":24}},"6":{"start":{"line":7,"column":0},"end":{"line":7,"column":1}},"7":{"start":{"line":8,"column":0},"end":{"line":8,"column":34}},"8":{"start":{"line":9,"column":0},"end":{"line":9,"column":1}},"9":{"start":{"line":10,"column":0},"end":{"line":10,"column":77}},"10":{"start":{"line":11,"column":0},"end":{"line":11,"column":27}},"11":{"start":{"line":12,"column":0},"end":{"line":12,"column":25}},"12":{"start":{"line":13,"column":0},"end":{"line":13,"column":31}},"13":{"start":{"line":14,"column":0},"end":{"line":14,"column":25}},"14":{"start":{"line":15,"column":0},"end":{"line":15,"column":34}},"15":{"start":{"line":16,"column":0},"end":{"line":16,"column":34}},"16":{"start":{"line":17,"column":0},"end":{"line":17,"column":3}},"17":{"start":{"line":18,"column":0},"end":{"line":18,"column":37}},"18":{"start":{"line":19,"column":0},"end":{"line":19,"column":3}},"19":{"start":{"line":20,"column":0},"end":{"line":20,"column":34}},"20":{"start":{"line":21,"column":0},"end":{"line":21,"column":74}},"21":{"start":{"line":22,"column":0},"end":{"line":22,"column":30}},"22":{"start":{"line":23,"column":0},"end":{"line":23,"column":68}},"23":{"start":{"line":24,"column":0},"end":{"line":24,"column":26}},"24":{"start":{"line":25,"column":0},"end":{"line":25,"column":86}},"25":{"start":{"line":26,"column":0},"end":{"line":26,"column":38}},"26":{"start":{"line":27,"column":0},"end":{"line":27,"column":68}},"27":{"start":{"line":28,"column":0},"end":{"line":28,"column":26}},"28":{"start":{"line":29,"column":0},"end":{"line":29,"column":74}},"29":{"start":{"line":30,"column":0},"end":{"line":30,"column":30}},"30":{"start":{"line":31,"column":0},"end":{"line":31,"column":74}},"31":{"start":{"line":32,"column":0},"end":{"line":32,"column":30}},"32":{"start":{"line":33,"column":0},"end":{"line":33,"column":3}},"33":{"start":{"line":34,"column":0},"end":{"line":34,"column":26}},"34":{"start":{"line":35,"column":0},"end":{"line":35,"column":3}},"35":{"start":{"line":36,"column":0},"end":{"line":36,"column":10}},"36":{"start":{"line":37,"column":0},"end":{"line":37,"column":0}},"37":{"start":{"line":38,"column":0},"end":{"line":38,"column":0}},"38":{"start":{"line":39,"column":0},"end":{"line":39,"column":138}},"39":{"start":{"line":40,"column":0},"end":{"line":40,"column":20}},"40":{"start":{"line":41,"column":0},"end":{"line":41,"column":144}},"41":{"start":{"line":42,"column":0},"end":{"line":42,"column":5}},"42":{"start":{"line":43,"column":0},"end":{"line":43,"column":140}},"43":{"start":{"line":44,"column":0},"end":{"line":44,"column":0}},"44":{"start":{"line":45,"column":0},"end":{"line":45,"column":7}},"45":{"start":{"line":46,"column":0},"end":{"line":46,"column":3}},"46":{"start":{"line":47,"column":0},"end":{"line":47,"column":17}},"47":{"start":{"line":48,"column":0},"end":{"line":48,"column":29}},"48":{"start":{"line":49,"column":0},"end":{"line":49,"column":25}},"49":{"start":{"line":50,"column":0},"end":{"line":50,"column":35}},"50":{"start":{"line":51,"column":0},"end":{"line":51,"column":36}},"51":{"start":{"line":52,"column":0},"end":{"line":52,"column":22}},"52":{"start":{"line":53,"column":0},"end":{"line":53,"column":23}},"53":{"start":{"line":54,"column":0},"end":{"line":54,"column":12}},"54":{"start":{"line":55,"column":0},"end":{"line":55,"column":50}},"55":{"start":{"line":56,"column":0},"end":{"line":56,"column":5}},"56":{"start":{"line":57,"column":0},"end":{"line":57,"column":3}},"57":{"start":{"line":58,"column":0},"end":{"line":58,"column":14}},"58":{"start":{"line":59,"column":0},"end":{"line":59,"column":37}},"59":{"start":{"line":60,"column":0},"end":{"line":60,"column":3}},"60":{"start":{"line":61,"column":0},"end":{"line":61,"column":1}},"61":{"start":{"line":62,"column":0},"end":{"line":62,"column":16}},"62":{"start":{"line":63,"column":0},"end":{"line":63,"column":33}},"63":{"start":{"line":64,"column":0},"end":{"line":64,"column":25}},"64":{"start":{"line":65,"column":0},"end":{"line":65,"column":29}},"65":{"start":{"line":66,"column":0},"end":{"line":66,"column":3}},"66":{"start":{"line":67,"column":0},"end":{"line":67,"column":1}},"67":{"start":{"line":68,"column":0},"end":{"line":68,"column":23}},"68":{"start":{"line":69,"column":0},"end":{"line":69,"column":29}},"69":{"start":{"line":70,"column":0},"end":{"line":70,"column":25}},"70":{"start":{"line":71,"column":0},"end":{"line":71,"column":21}},"71":{"start":{"line":72,"column":0},"end":{"line":72,"column":3}},"72":{"start":{"line":73,"column":0},"end":{"line":73,"column":1}},"73":{"start":{"line":74,"column":0},"end":{"line":74,"column":33}},"74":{"start":{"line":75,"column":0},"end":{"line":75,"column":40}},"75":{"start":{"line":76,"column":0},"end":{"line":76,"column":1}},"76":{"start":{"line":77,"column":0},"end":{"line":77,"column":28}},"77":{"start":{"line":78,"column":0},"end":{"line":78,"column":70}},"78":{"start":{"line":79,"column":0},"end":{"line":79,"column":37}},"79":{"start":{"line":80,"column":0},"end":{"line":80,"column":52}},"80":{"start":{"line":81,"column":0},"end":{"line":81,"column":3}},"81":{"start":{"line":82,"column":0},"end":{"line":82,"column":45}},"82":{"start":{"line":83,"column":0},"end":{"line":83,"column":13}},"83":{"start":{"line":84,"column":0},"end":{"line":84,"column":11}},"84":{"start":{"line":85,"column":0},"end":{"line":85,"column":5}},"85":{"start":{"line":86,"column":0},"end":{"line":86,"column":1}},"86":{"start":{"line":87,"column":0},"end":{"line":87,"column":35}},"87":{"start":{"line":88,"column":0},"end":{"line":88,"column":19}},"88":{"start":{"line":89,"column":0},"end":{"line":89,"column":41}},"89":{"start":{"line":90,"column":0},"end":{"line":90,"column":64}},"90":{"start":{"line":91,"column":0},"end":{"line":91,"column":16}},"91":{"start":{"line":92,"column":0},"end":{"line":92,"column":47}},"92":{"start":{"line":93,"column":0},"end":{"line":93,"column":46}},"93":{"start":{"line":94,"column":0},"end":{"line":94,"column":5}},"94":{"start":{"line":95,"column":0},"end":{"line":95,"column":5}},"95":{"start":{"line":96,"column":0},"end":{"line":96,"column":24}},"96":{"start":{"line":97,"column":0},"end":{"line":97,"column":22}},"97":{"start":{"line":98,"column":0},"end":{"line":98,"column":23}},"98":{"start":{"line":99,"column":0},"end":{"line":99,"column":5}},"99":{"start":{"line":100,"column":0},"end":{"line":100,"column":52}},"100":{"start":{"line":101,"column":0},"end":{"line":101,"column":40}},"101":{"start":{"line":102,"column":0},"end":{"line":102,"column":5}},"102":{"start":{"line":103,"column":0},"end":{"line":103,"column":46}},"103":{"start":{"line":104,"column":0},"end":{"line":104,"column":37}},"104":{"start":{"line":105,"column":0},"end":{"line":105,"column":5}},"105":{"start":{"line":106,"column":0},"end":{"line":106,"column":21}},"106":{"start":{"line":107,"column":0},"end":{"line":107,"column":5}},"107":{"start":{"line":108,"column":0},"end":{"line":108,"column":15}},"108":{"start":{"line":109,"column":0},"end":{"line":109,"column":30}},"109":{"start":{"line":110,"column":0},"end":{"line":110,"column":33}},"110":{"start":{"line":111,"column":0},"end":{"line":111,"column":48}},"111":{"start":{"line":112,"column":0},"end":{"line":112,"column":37}},"112":{"start":{"line":113,"column":0},"end":{"line":113,"column":111}},"113":{"start":{"line":114,"column":0},"end":{"line":114,"column":6}},"114":{"start":{"line":115,"column":0},"end":{"line":115,"column":53}},"115":{"start":{"line":116,"column":0},"end":{"line":116,"column":26}},"116":{"start":{"line":117,"column":0},"end":{"line":117,"column":30}},"117":{"start":{"line":118,"column":0},"end":{"line":118,"column":5}},"118":{"start":{"line":119,"column":0},"end":{"line":119,"column":3}},"119":{"start":{"line":120,"column":0},"end":{"line":120,"column":18}},"120":{"start":{"line":121,"column":0},"end":{"line":121,"column":1}},"121":{"start":{"line":122,"column":0},"end":{"line":122,"column":45}},"122":{"start":{"line":123,"column":0},"end":{"line":123,"column":9}},"123":{"start":{"line":124,"column":0},"end":{"line":124,"column":112}},"124":{"start":{"line":125,"column":0},"end":{"line":125,"column":30}},"125":{"start":{"line":126,"column":0},"end":{"line":126,"column":1}},"126":{"start":{"line":127,"column":0},"end":{"line":127,"column":40}},"127":{"start":{"line":128,"column":0},"end":{"line":128,"column":94}},"128":{"start":{"line":129,"column":0},"end":{"line":129,"column":1}},"129":{"start":{"line":130,"column":0},"end":{"line":130,"column":35}},"130":{"start":{"line":131,"column":0},"end":{"line":131,"column":34}},"131":{"start":{"line":132,"column":0},"end":{"line":132,"column":57}},"132":{"start":{"line":133,"column":0},"end":{"line":133,"column":19}},"133":{"start":{"line":134,"column":0},"end":{"line":134,"column":67}},"134":{"start":{"line":135,"column":0},"end":{"line":135,"column":18}},"135":{"start":{"line":136,"column":0},"end":{"line":136,"column":140}},"136":{"start":{"line":137,"column":0},"end":{"line":137,"column":8}},"137":{"start":{"line":138,"column":0},"end":{"line":138,"column":5}},"138":{"start":{"line":139,"column":0},"end":{"line":139,"column":5}},"139":{"start":{"line":140,"column":0},"end":{"line":140,"column":1}},"140":{"start":{"line":141,"column":0},"end":{"line":141,"column":23}},"141":{"start":{"line":142,"column":0},"end":{"line":142,"column":15}},"142":{"start":{"line":143,"column":0},"end":{"line":143,"column":2}},"143":{"start":{"line":144,"column":0},"end":{"line":144,"column":42}},"144":{"start":{"line":145,"column":0},"end":{"line":145,"column":55}},"145":{"start":{"line":146,"column":0},"end":{"line":146,"column":16}},"146":{"start":{"line":147,"column":0},"end":{"line":147,"column":14}},"147":{"start":{"line":148,"column":0},"end":{"line":148,"column":44}},"148":{"start":{"line":149,"column":0},"end":{"line":149,"column":5}},"149":{"start":{"line":150,"column":0},"end":{"line":150,"column":5}},"150":{"start":{"line":151,"column":0},"end":{"line":151,"column":1}},"151":{"start":{"line":152,"column":0},"end":{"line":152,"column":31}},"152":{"start":{"line":153,"column":0},"end":{"line":153,"column":21}},"153":{"start":{"line":154,"column":0},"end":{"line":154,"column":67}},"154":{"start":{"line":155,"column":0},"end":{"line":155,"column":22}},"155":{"start":{"line":156,"column":0},"end":{"line":156,"column":27}},"156":{"start":{"line":157,"column":0},"end":{"line":157,"column":3}},"157":{"start":{"line":158,"column":0},"end":{"line":158,"column":26}},"158":{"start":{"line":159,"column":0},"end":{"line":159,"column":25}},"159":{"start":{"line":160,"column":0},"end":{"line":160,"column":17}},"160":{"start":{"line":161,"column":0},"end":{"line":161,"column":1}},"161":{"start":{"line":162,"column":0},"end":{"line":162,"column":37}},"162":{"start":{"line":163,"column":0},"end":{"line":163,"column":19}},"163":{"start":{"line":164,"column":0},"end":{"line":164,"column":39}},"164":{"start":{"line":165,"column":0},"end":{"line":165,"column":40}},"165":{"start":{"line":166,"column":0},"end":{"line":166,"column":4}},"166":{"start":{"line":167,"column":0},"end":{"line":167,"column":7}},"167":{"start":{"line":168,"column":0},"end":{"line":168,"column":62}},"168":{"start":{"line":169,"column":0},"end":{"line":169,"column":15}},"169":{"start":{"line":170,"column":0},"end":{"line":170,"column":21}},"170":{"start":{"line":171,"column":0},"end":{"line":171,"column":60}},"171":{"start":{"line":172,"column":0},"end":{"line":172,"column":166}},"172":{"start":{"line":173,"column":0},"end":{"line":173,"column":75}},"173":{"start":{"line":174,"column":0},"end":{"line":174,"column":3}},"174":{"start":{"line":175,"column":0},"end":{"line":175,"column":1}},"175":{"start":{"line":176,"column":0},"end":{"line":176,"column":36}},"176":{"start":{"line":177,"column":0},"end":{"line":177,"column":40}},"177":{"start":{"line":178,"column":0},"end":{"line":178,"column":15}},"178":{"start":{"line":179,"column":0},"end":{"line":179,"column":101}},"179":{"start":{"line":180,"column":0},"end":{"line":180,"column":63}},"180":{"start":{"line":181,"column":0},"end":{"line":181,"column":24}},"181":{"start":{"line":182,"column":0},"end":{"line":182,"column":150}},"182":{"start":{"line":183,"column":0},"end":{"line":183,"column":10}},"183":{"start":{"line":184,"column":0},"end":{"line":184,"column":7}},"184":{"start":{"line":185,"column":0},"end":{"line":185,"column":5}},"185":{"start":{"line":186,"column":0},"end":{"line":186,"column":173}},"186":{"start":{"line":187,"column":0},"end":{"line":187,"column":13}},"187":{"start":{"line":188,"column":0},"end":{"line":188,"column":1}},"188":{"start":{"line":189,"column":0},"end":{"line":189,"column":54}},"189":{"start":{"line":190,"column":0},"end":{"line":190,"column":68}},"190":{"start":{"line":191,"column":0},"end":{"line":191,"column":60}},"191":{"start":{"line":192,"column":0},"end":{"line":192,"column":10}},"192":{"start":{"line":193,"column":0},"end":{"line":193,"column":5}},"193":{"start":{"line":194,"column":0},"end":{"line":194,"column":1}},"194":{"start":{"line":195,"column":0},"end":{"line":195,"column":53}},"195":{"start":{"line":196,"column":0},"end":{"line":196,"column":67}},"196":{"start":{"line":197,"column":0},"end":{"line":197,"column":64}},"197":{"start":{"line":198,"column":0},"end":{"line":198,"column":78}},"198":{"start":{"line":199,"column":0},"end":{"line":199,"column":23}},"199":{"start":{"line":200,"column":0},"end":{"line":200,"column":15}},"200":{"start":{"line":201,"column":0},"end":{"line":201,"column":5}},"201":{"start":{"line":202,"column":0},"end":{"line":202,"column":80}},"202":{"start":{"line":203,"column":0},"end":{"line":203,"column":47}},"203":{"start":{"line":204,"column":0},"end":{"line":204,"column":13}},"204":{"start":{"line":205,"column":0},"end":{"line":205,"column":68}},"205":{"start":{"line":206,"column":0},"end":{"line":206,"column":7}},"206":{"start":{"line":207,"column":0},"end":{"line":207,"column":3}},"207":{"start":{"line":208,"column":0},"end":{"line":208,"column":58}},"208":{"start":{"line":209,"column":0},"end":{"line":209,"column":1}},"209":{"start":{"line":210,"column":0},"end":{"line":210,"column":59}},"210":{"start":{"line":211,"column":0},"end":{"line":211,"column":36}},"211":{"start":{"line":212,"column":0},"end":{"line":212,"column":23}},"212":{"start":{"line":213,"column":0},"end":{"line":213,"column":10}},"213":{"start":{"line":214,"column":0},"end":{"line":214,"column":47}},"214":{"start":{"line":215,"column":0},"end":{"line":215,"column":3}},"215":{"start":{"line":216,"column":0},"end":{"line":216,"column":1}},"216":{"start":{"line":217,"column":0},"end":{"line":217,"column":46}},"217":{"start":{"line":218,"column":0},"end":{"line":218,"column":41}},"218":{"start":{"line":219,"column":0},"end":{"line":219,"column":11}},"219":{"start":{"line":220,"column":0},"end":{"line":220,"column":25}},"220":{"start":{"line":221,"column":0},"end":{"line":221,"column":5}},"221":{"start":{"line":222,"column":0},"end":{"line":222,"column":18}},"222":{"start":{"line":223,"column":0},"end":{"line":223,"column":1}},"223":{"start":{"line":224,"column":0},"end":{"line":224,"column":51}},"224":{"start":{"line":225,"column":0},"end":{"line":225,"column":38}},"225":{"start":{"line":226,"column":0},"end":{"line":226,"column":26}},"226":{"start":{"line":227,"column":0},"end":{"line":227,"column":28}},"227":{"start":{"line":228,"column":0},"end":{"line":228,"column":38}},"228":{"start":{"line":229,"column":0},"end":{"line":229,"column":22}},"229":{"start":{"line":230,"column":0},"end":{"line":230,"column":3}},"230":{"start":{"line":231,"column":0},"end":{"line":231,"column":17}},"231":{"start":{"line":232,"column":0},"end":{"line":232,"column":43}},"232":{"start":{"line":233,"column":0},"end":{"line":233,"column":3}},"233":{"start":{"line":234,"column":0},"end":{"line":234,"column":61}},"234":{"start":{"line":235,"column":0},"end":{"line":235,"column":70}},"235":{"start":{"line":236,"column":0},"end":{"line":236,"column":77}},"236":{"start":{"line":237,"column":0},"end":{"line":237,"column":3}},"237":{"start":{"line":238,"column":0},"end":{"line":238,"column":41}},"238":{"start":{"line":239,"column":0},"end":{"line":239,"column":26}},"239":{"start":{"line":240,"column":0},"end":{"line":240,"column":63}},"240":{"start":{"line":241,"column":0},"end":{"line":241,"column":12}},"241":{"start":{"line":242,"column":0},"end":{"line":242,"column":51}},"242":{"start":{"line":243,"column":0},"end":{"line":243,"column":5}},"243":{"start":{"line":244,"column":0},"end":{"line":244,"column":3}},"244":{"start":{"line":245,"column":0},"end":{"line":245,"column":7}},"245":{"start":{"line":246,"column":0},"end":{"line":246,"column":35}},"246":{"start":{"line":247,"column":0},"end":{"line":247,"column":11}},"247":{"start":{"line":248,"column":0},"end":{"line":248,"column":6}},"248":{"start":{"line":249,"column":0},"end":{"line":249,"column":42}},"249":{"start":{"line":250,"column":0},"end":{"line":250,"column":22}},"250":{"start":{"line":251,"column":0},"end":{"line":251,"column":100}},"251":{"start":{"line":252,"column":0},"end":{"line":252,"column":8}},"252":{"start":{"line":253,"column":0},"end":{"line":253,"column":5}},"253":{"start":{"line":254,"column":0},"end":{"line":254,"column":29}},"254":{"start":{"line":255,"column":0},"end":{"line":255,"column":71}},"255":{"start":{"line":256,"column":0},"end":{"line":256,"column":5}},"256":{"start":{"line":257,"column":0},"end":{"line":257,"column":20}},"257":{"start":{"line":258,"column":0},"end":{"line":258,"column":20}},"258":{"start":{"line":259,"column":0},"end":{"line":259,"column":37}},"259":{"start":{"line":260,"column":0},"end":{"line":260,"column":35}},"260":{"start":{"line":261,"column":0},"end":{"line":261,"column":30}},"261":{"start":{"line":262,"column":0},"end":{"line":262,"column":46}},"262":{"start":{"line":263,"column":0},"end":{"line":263,"column":9}},"263":{"start":{"line":264,"column":0},"end":{"line":264,"column":51}},"264":{"start":{"line":265,"column":0},"end":{"line":265,"column":58}},"265":{"start":{"line":266,"column":0},"end":{"line":266,"column":5}},"266":{"start":{"line":267,"column":0},"end":{"line":267,"column":17}},"267":{"start":{"line":268,"column":0},"end":{"line":268,"column":3}},"268":{"start":{"line":269,"column":0},"end":{"line":269,"column":1}},"269":{"start":{"line":270,"column":0},"end":{"line":270,"column":37}},"270":{"start":{"line":271,"column":0},"end":{"line":271,"column":44}},"271":{"start":{"line":272,"column":0},"end":{"line":272,"column":70}},"272":{"start":{"line":273,"column":0},"end":{"line":273,"column":16}},"273":{"start":{"line":274,"column":0},"end":{"line":274,"column":3}},"274":{"start":{"line":275,"column":0},"end":{"line":275,"column":72}},"275":{"start":{"line":276,"column":0},"end":{"line":276,"column":17}},"276":{"start":{"line":277,"column":0},"end":{"line":277,"column":62}},"277":{"start":{"line":278,"column":0},"end":{"line":278,"column":63}},"278":{"start":{"line":279,"column":0},"end":{"line":279,"column":1}},"279":{"start":{"line":280,"column":0},"end":{"line":280,"column":23}},"280":{"start":{"line":281,"column":0},"end":{"line":281,"column":42}},"281":{"start":{"line":282,"column":0},"end":{"line":282,"column":1}},"282":{"start":{"line":283,"column":0},"end":{"line":283,"column":33}},"283":{"start":{"line":284,"column":0},"end":{"line":284,"column":103}},"284":{"start":{"line":285,"column":0},"end":{"line":285,"column":1}},"285":{"start":{"line":286,"column":0},"end":{"line":286,"column":34}},"286":{"start":{"line":287,"column":0},"end":{"line":287,"column":16}},"287":{"start":{"line":288,"column":0},"end":{"line":288,"column":1}},"288":{"start":{"line":289,"column":0},"end":{"line":289,"column":40}},"289":{"start":{"line":290,"column":0},"end":{"line":290,"column":74}},"290":{"start":{"line":291,"column":0},"end":{"line":291,"column":23}},"291":{"start":{"line":292,"column":0},"end":{"line":292,"column":15}},"292":{"start":{"line":293,"column":0},"end":{"line":293,"column":5}},"293":{"start":{"line":294,"column":0},"end":{"line":294,"column":74}},"294":{"start":{"line":295,"column":0},"end":{"line":295,"column":1}},"295":{"start":{"line":296,"column":0},"end":{"line":296,"column":67}},"296":{"start":{"line":297,"column":0},"end":{"line":297,"column":33}},"297":{"start":{"line":298,"column":0},"end":{"line":298,"column":17}},"298":{"start":{"line":299,"column":0},"end":{"line":299,"column":40}},"299":{"start":{"line":300,"column":0},"end":{"line":300,"column":84}},"300":{"start":{"line":301,"column":0},"end":{"line":301,"column":18}},"301":{"start":{"line":302,"column":0},"end":{"line":302,"column":16}},"302":{"start":{"line":303,"column":0},"end":{"line":303,"column":20}},"303":{"start":{"line":304,"column":0},"end":{"line":304,"column":7}},"304":{"start":{"line":305,"column":0},"end":{"line":305,"column":7}},"305":{"start":{"line":306,"column":0},"end":{"line":306,"column":3}},"306":{"start":{"line":307,"column":0},"end":{"line":307,"column":40}},"307":{"start":{"line":308,"column":0},"end":{"line":308,"column":7}},"308":{"start":{"line":309,"column":0},"end":{"line":309,"column":51}},"309":{"start":{"line":310,"column":0},"end":{"line":310,"column":42}},"310":{"start":{"line":311,"column":0},"end":{"line":311,"column":62}},"311":{"start":{"line":312,"column":0},"end":{"line":312,"column":84}},"312":{"start":{"line":313,"column":0},"end":{"line":313,"column":12}},"313":{"start":{"line":314,"column":0},"end":{"line":314,"column":57}},"314":{"start":{"line":315,"column":0},"end":{"line":315,"column":26}},"315":{"start":{"line":316,"column":0},"end":{"line":316,"column":24}},"316":{"start":{"line":317,"column":0},"end":{"line":317,"column":33}},"317":{"start":{"line":318,"column":0},"end":{"line":318,"column":12}},"318":{"start":{"line":319,"column":0},"end":{"line":319,"column":9}},"319":{"start":{"line":320,"column":0},"end":{"line":320,"column":5}},"320":{"start":{"line":321,"column":0},"end":{"line":321,"column":15}},"321":{"start":{"line":322,"column":0},"end":{"line":322,"column":38}},"322":{"start":{"line":323,"column":0},"end":{"line":323,"column":37}},"323":{"start":{"line":324,"column":0},"end":{"line":324,"column":26}},"324":{"start":{"line":325,"column":0},"end":{"line":325,"column":25}},"325":{"start":{"line":326,"column":0},"end":{"line":326,"column":30}},"326":{"start":{"line":327,"column":0},"end":{"line":327,"column":33}},"327":{"start":{"line":328,"column":0},"end":{"line":328,"column":9}},"328":{"start":{"line":329,"column":0},"end":{"line":329,"column":5}},"329":{"start":{"line":330,"column":0},"end":{"line":330,"column":23}},"330":{"start":{"line":331,"column":0},"end":{"line":331,"column":7}},"331":{"start":{"line":332,"column":0},"end":{"line":332,"column":22}},"332":{"start":{"line":333,"column":0},"end":{"line":333,"column":92}},"333":{"start":{"line":334,"column":0},"end":{"line":334,"column":8}},"334":{"start":{"line":335,"column":0},"end":{"line":335,"column":7}},"335":{"start":{"line":336,"column":0},"end":{"line":336,"column":65}},"336":{"start":{"line":337,"column":0},"end":{"line":337,"column":7}},"337":{"start":{"line":338,"column":0},"end":{"line":338,"column":6}},"338":{"start":{"line":339,"column":0},"end":{"line":339,"column":3}},"339":{"start":{"line":340,"column":0},"end":{"line":340,"column":1}},"340":{"start":{"line":341,"column":0},"end":{"line":341,"column":46}},"341":{"start":{"line":342,"column":0},"end":{"line":342,"column":116}},"342":{"start":{"line":343,"column":0},"end":{"line":343,"column":1}},"343":{"start":{"line":344,"column":0},"end":{"line":344,"column":35}},"344":{"start":{"line":345,"column":0},"end":{"line":345,"column":27}},"345":{"start":{"line":346,"column":0},"end":{"line":346,"column":1}},"346":{"start":{"line":347,"column":0},"end":{"line":347,"column":46}},"347":{"start":{"line":348,"column":0},"end":{"line":348,"column":95}},"348":{"start":{"line":349,"column":0},"end":{"line":349,"column":1}},"349":{"start":{"line":350,"column":0},"end":{"line":350,"column":53}},"350":{"start":{"line":351,"column":0},"end":{"line":351,"column":33}},"351":{"start":{"line":352,"column":0},"end":{"line":352,"column":17}},"352":{"start":{"line":353,"column":0},"end":{"line":353,"column":40}},"353":{"start":{"line":354,"column":0},"end":{"line":354,"column":22}},"354":{"start":{"line":355,"column":0},"end":{"line":355,"column":18}},"355":{"start":{"line":356,"column":0},"end":{"line":356,"column":7}},"356":{"start":{"line":357,"column":0},"end":{"line":357,"column":12}},"357":{"start":{"line":358,"column":0},"end":{"line":358,"column":20}},"358":{"start":{"line":359,"column":0},"end":{"line":359,"column":82}},"359":{"start":{"line":360,"column":0},"end":{"line":360,"column":6}},"360":{"start":{"line":361,"column":0},"end":{"line":361,"column":3}},"361":{"start":{"line":362,"column":0},"end":{"line":362,"column":40}},"362":{"start":{"line":363,"column":0},"end":{"line":363,"column":7}},"363":{"start":{"line":364,"column":0},"end":{"line":364,"column":51}},"364":{"start":{"line":365,"column":0},"end":{"line":365,"column":42}},"365":{"start":{"line":366,"column":0},"end":{"line":366,"column":71}},"366":{"start":{"line":367,"column":0},"end":{"line":367,"column":12}},"367":{"start":{"line":368,"column":0},"end":{"line":368,"column":14}},"368":{"start":{"line":369,"column":0},"end":{"line":369,"column":24}},"369":{"start":{"line":370,"column":0},"end":{"line":370,"column":20}},"370":{"start":{"line":371,"column":0},"end":{"line":371,"column":12}},"371":{"start":{"line":372,"column":0},"end":{"line":372,"column":8}},"372":{"start":{"line":373,"column":0},"end":{"line":373,"column":5}},"373":{"start":{"line":374,"column":0},"end":{"line":374,"column":15}},"374":{"start":{"line":375,"column":0},"end":{"line":375,"column":38}},"375":{"start":{"line":376,"column":0},"end":{"line":376,"column":37}},"376":{"start":{"line":377,"column":0},"end":{"line":377,"column":14}},"377":{"start":{"line":378,"column":0},"end":{"line":378,"column":25}},"378":{"start":{"line":379,"column":0},"end":{"line":379,"column":30}},"379":{"start":{"line":380,"column":0},"end":{"line":380,"column":33}},"380":{"start":{"line":381,"column":0},"end":{"line":381,"column":8}},"381":{"start":{"line":382,"column":0},"end":{"line":382,"column":5}},"382":{"start":{"line":383,"column":0},"end":{"line":383,"column":12}},"383":{"start":{"line":384,"column":0},"end":{"line":384,"column":20}},"384":{"start":{"line":385,"column":0},"end":{"line":385,"column":48}},"385":{"start":{"line":386,"column":0},"end":{"line":386,"column":6}},"386":{"start":{"line":387,"column":0},"end":{"line":387,"column":3}},"387":{"start":{"line":388,"column":0},"end":{"line":388,"column":1}},"388":{"start":{"line":389,"column":0},"end":{"line":389,"column":48}},"389":{"start":{"line":390,"column":0},"end":{"line":390,"column":59}},"390":{"start":{"line":391,"column":0},"end":{"line":391,"column":20}},"391":{"start":{"line":392,"column":0},"end":{"line":392,"column":151}},"392":{"start":{"line":393,"column":0},"end":{"line":393,"column":6}},"393":{"start":{"line":394,"column":0},"end":{"line":394,"column":3}},"394":{"start":{"line":395,"column":0},"end":{"line":395,"column":1}},"395":{"start":{"line":396,"column":0},"end":{"line":396,"column":44}},"396":{"start":{"line":397,"column":0},"end":{"line":397,"column":41}},"397":{"start":{"line":398,"column":0},"end":{"line":398,"column":23}},"398":{"start":{"line":399,"column":0},"end":{"line":399,"column":41}},"399":{"start":{"line":400,"column":0},"end":{"line":400,"column":35}},"400":{"start":{"line":401,"column":0},"end":{"line":401,"column":31}},"401":{"start":{"line":402,"column":0},"end":{"line":402,"column":31}},"402":{"start":{"line":403,"column":0},"end":{"line":403,"column":69}},"403":{"start":{"line":404,"column":0},"end":{"line":404,"column":7}},"404":{"start":{"line":405,"column":0},"end":{"line":405,"column":12}},"405":{"start":{"line":406,"column":0},"end":{"line":406,"column":5}},"406":{"start":{"line":407,"column":0},"end":{"line":407,"column":3}},"407":{"start":{"line":408,"column":0},"end":{"line":408,"column":31}},"408":{"start":{"line":409,"column":0},"end":{"line":409,"column":16}},"409":{"start":{"line":410,"column":0},"end":{"line":410,"column":59}},"410":{"start":{"line":411,"column":0},"end":{"line":411,"column":3}},"411":{"start":{"line":412,"column":0},"end":{"line":412,"column":45}},"412":{"start":{"line":413,"column":0},"end":{"line":413,"column":20}},"413":{"start":{"line":414,"column":0},"end":{"line":414,"column":95}},"414":{"start":{"line":415,"column":0},"end":{"line":415,"column":6}},"415":{"start":{"line":416,"column":0},"end":{"line":416,"column":3}},"416":{"start":{"line":417,"column":0},"end":{"line":417,"column":23}},"417":{"start":{"line":418,"column":0},"end":{"line":418,"column":1}},"418":{"start":{"line":419,"column":0},"end":{"line":419,"column":46}},"419":{"start":{"line":420,"column":0},"end":{"line":420,"column":60}},"420":{"start":{"line":421,"column":0},"end":{"line":421,"column":25}},"421":{"start":{"line":422,"column":0},"end":{"line":422,"column":22}},"422":{"start":{"line":423,"column":0},"end":{"line":423,"column":150}},"423":{"start":{"line":424,"column":0},"end":{"line":424,"column":8}},"424":{"start":{"line":425,"column":0},"end":{"line":425,"column":5}},"425":{"start":{"line":426,"column":0},"end":{"line":426,"column":3}},"426":{"start":{"line":427,"column":0},"end":{"line":427,"column":1}},"427":{"start":{"line":428,"column":0},"end":{"line":428,"column":49}},"428":{"start":{"line":429,"column":0},"end":{"line":429,"column":28}},"429":{"start":{"line":430,"column":0},"end":{"line":430,"column":93}},"430":{"start":{"line":431,"column":0},"end":{"line":431,"column":11}},"431":{"start":{"line":432,"column":0},"end":{"line":432,"column":3}},"432":{"start":{"line":433,"column":0},"end":{"line":433,"column":26}},"433":{"start":{"line":434,"column":0},"end":{"line":434,"column":15}},"434":{"start":{"line":435,"column":0},"end":{"line":435,"column":13}},"435":{"start":{"line":436,"column":0},"end":{"line":436,"column":31}},"436":{"start":{"line":437,"column":0},"end":{"line":437,"column":35}},"437":{"start":{"line":438,"column":0},"end":{"line":438,"column":58}},"438":{"start":{"line":439,"column":0},"end":{"line":439,"column":9}},"439":{"start":{"line":440,"column":0},"end":{"line":440,"column":13}},"440":{"start":{"line":441,"column":0},"end":{"line":441,"column":5}},"441":{"start":{"line":442,"column":0},"end":{"line":442,"column":60}},"442":{"start":{"line":443,"column":0},"end":{"line":443,"column":33}},"443":{"start":{"line":444,"column":0},"end":{"line":444,"column":66}},"444":{"start":{"line":445,"column":0},"end":{"line":445,"column":7}},"445":{"start":{"line":446,"column":0},"end":{"line":446,"column":13}},"446":{"start":{"line":447,"column":0},"end":{"line":447,"column":5}},"447":{"start":{"line":448,"column":0},"end":{"line":448,"column":3}},"448":{"start":{"line":449,"column":0},"end":{"line":449,"column":18}},"449":{"start":{"line":450,"column":0},"end":{"line":450,"column":182}},"450":{"start":{"line":451,"column":0},"end":{"line":451,"column":4}},"451":{"start":{"line":452,"column":0},"end":{"line":452,"column":1}},"452":{"start":{"line":453,"column":0},"end":{"line":453,"column":47}},"453":{"start":{"line":454,"column":0},"end":{"line":454,"column":50}},"454":{"start":{"line":455,"column":0},"end":{"line":455,"column":16}},"455":{"start":{"line":456,"column":0},"end":{"line":456,"column":35}},"456":{"start":{"line":457,"column":0},"end":{"line":457,"column":57}},"457":{"start":{"line":458,"column":0},"end":{"line":458,"column":66}},"458":{"start":{"line":459,"column":0},"end":{"line":459,"column":22}},"459":{"start":{"line":460,"column":0},"end":{"line":460,"column":3}},"460":{"start":{"line":461,"column":0},"end":{"line":461,"column":14}},"461":{"start":{"line":462,"column":0},"end":{"line":462,"column":1}},"462":{"start":{"line":463,"column":0},"end":{"line":463,"column":32}},"463":{"start":{"line":464,"column":0},"end":{"line":464,"column":30}},"464":{"start":{"line":465,"column":0},"end":{"line":465,"column":284}},"465":{"start":{"line":466,"column":0},"end":{"line":466,"column":3}},"466":{"start":{"line":467,"column":0},"end":{"line":467,"column":16}},"467":{"start":{"line":468,"column":0},"end":{"line":468,"column":1}},"468":{"start":{"line":469,"column":0},"end":{"line":469,"column":100}},"469":{"start":{"line":470,"column":0},"end":{"line":470,"column":40}},"470":{"start":{"line":471,"column":0},"end":{"line":471,"column":31}},"471":{"start":{"line":472,"column":0},"end":{"line":472,"column":50}},"472":{"start":{"line":473,"column":0},"end":{"line":473,"column":34}},"473":{"start":{"line":474,"column":0},"end":{"line":474,"column":46}},"474":{"start":{"line":475,"column":0},"end":{"line":475,"column":13}},"475":{"start":{"line":476,"column":0},"end":{"line":476,"column":19}},"476":{"start":{"line":477,"column":0},"end":{"line":477,"column":21}},"477":{"start":{"line":478,"column":0},"end":{"line":478,"column":8}},"478":{"start":{"line":479,"column":0},"end":{"line":479,"column":23}},"479":{"start":{"line":480,"column":0},"end":{"line":480,"column":24}},"480":{"start":{"line":481,"column":0},"end":{"line":481,"column":7}},"481":{"start":{"line":482,"column":0},"end":{"line":482,"column":3}},"482":{"start":{"line":483,"column":0},"end":{"line":483,"column":3}},"483":{"start":{"line":484,"column":0},"end":{"line":484,"column":83}},"484":{"start":{"line":485,"column":0},"end":{"line":485,"column":32}},"485":{"start":{"line":486,"column":0},"end":{"line":486,"column":6}},"486":{"start":{"line":487,"column":0},"end":{"line":487,"column":3}},"487":{"start":{"line":488,"column":0},"end":{"line":488,"column":24}},"488":{"start":{"line":489,"column":0},"end":{"line":489,"column":17}},"489":{"start":{"line":490,"column":0},"end":{"line":490,"column":1}},"490":{"start":{"line":491,"column":0},"end":{"line":491,"column":28}},"491":{"start":{"line":492,"column":0},"end":{"line":492,"column":38}},"492":{"start":{"line":493,"column":0},"end":{"line":493,"column":11}},"493":{"start":{"line":494,"column":0},"end":{"line":494,"column":22}},"494":{"start":{"line":495,"column":0},"end":{"line":495,"column":98}},"495":{"start":{"line":496,"column":0},"end":{"line":496,"column":8}},"496":{"start":{"line":497,"column":0},"end":{"line":497,"column":5}},"497":{"start":{"line":498,"column":0},"end":{"line":498,"column":5}},"498":{"start":{"line":499,"column":0},"end":{"line":499,"column":1}},"499":{"start":{"line":500,"column":0},"end":{"line":500,"column":30}},"500":{"start":{"line":501,"column":0},"end":{"line":501,"column":54}},"501":{"start":{"line":502,"column":0},"end":{"line":502,"column":42}},"502":{"start":{"line":503,"column":0},"end":{"line":503,"column":13}},"503":{"start":{"line":504,"column":0},"end":{"line":504,"column":93}},"504":{"start":{"line":505,"column":0},"end":{"line":505,"column":7}},"505":{"start":{"line":506,"column":0},"end":{"line":506,"column":7}},"506":{"start":{"line":507,"column":0},"end":{"line":507,"column":3}},"507":{"start":{"line":508,"column":0},"end":{"line":508,"column":1}},"508":{"start":{"line":509,"column":0},"end":{"line":509,"column":40}},"509":{"start":{"line":510,"column":0},"end":{"line":510,"column":9}},"510":{"start":{"line":511,"column":0},"end":{"line":511,"column":30}},"511":{"start":{"line":512,"column":0},"end":{"line":512,"column":81}},"512":{"start":{"line":513,"column":0},"end":{"line":513,"column":32}},"513":{"start":{"line":514,"column":0},"end":{"line":514,"column":99}},"514":{"start":{"line":515,"column":0},"end":{"line":515,"column":8}},"515":{"start":{"line":516,"column":0},"end":{"line":516,"column":5}},"516":{"start":{"line":517,"column":0},"end":{"line":517,"column":3}},"517":{"start":{"line":518,"column":0},"end":{"line":518,"column":16}},"518":{"start":{"line":519,"column":0},"end":{"line":519,"column":1}},"519":{"start":{"line":520,"column":0},"end":{"line":520,"column":65}},"520":{"start":{"line":521,"column":0},"end":{"line":521,"column":9}},"521":{"start":{"line":522,"column":0},"end":{"line":522,"column":45}},"522":{"start":{"line":523,"column":0},"end":{"line":523,"column":16}},"523":{"start":{"line":524,"column":0},"end":{"line":524,"column":16}},"524":{"start":{"line":525,"column":0},"end":{"line":525,"column":44}},"525":{"start":{"line":526,"column":0},"end":{"line":526,"column":38}},"526":{"start":{"line":527,"column":0},"end":{"line":527,"column":18}},"527":{"start":{"line":528,"column":0},"end":{"line":528,"column":14}},"528":{"start":{"line":529,"column":0},"end":{"line":529,"column":4}},"529":{"start":{"line":530,"column":0},"end":{"line":530,"column":47}},"530":{"start":{"line":531,"column":0},"end":{"line":531,"column":20}},"531":{"start":{"line":532,"column":0},"end":{"line":532,"column":5}},"532":{"start":{"line":533,"column":0},"end":{"line":533,"column":27}},"533":{"start":{"line":534,"column":0},"end":{"line":534,"column":24}},"534":{"start":{"line":535,"column":0},"end":{"line":535,"column":3}},"535":{"start":{"line":536,"column":0},"end":{"line":536,"column":82}},"536":{"start":{"line":537,"column":0},"end":{"line":537,"column":13}},"537":{"start":{"line":538,"column":0},"end":{"line":538,"column":27}},"538":{"start":{"line":539,"column":0},"end":{"line":539,"column":31}},"539":{"start":{"line":540,"column":0},"end":{"line":540,"column":49}},"540":{"start":{"line":541,"column":0},"end":{"line":541,"column":36}},"541":{"start":{"line":542,"column":0},"end":{"line":542,"column":7}},"542":{"start":{"line":543,"column":0},"end":{"line":543,"column":6}},"543":{"start":{"line":544,"column":0},"end":{"line":544,"column":37}},"544":{"start":{"line":545,"column":0},"end":{"line":545,"column":30}},"545":{"start":{"line":546,"column":0},"end":{"line":546,"column":30}},"546":{"start":{"line":547,"column":0},"end":{"line":547,"column":28}},"547":{"start":{"line":548,"column":0},"end":{"line":548,"column":7}},"548":{"start":{"line":549,"column":0},"end":{"line":549,"column":7}},"549":{"start":{"line":550,"column":0},"end":{"line":550,"column":25}},"550":{"start":{"line":551,"column":0},"end":{"line":551,"column":25}},"551":{"start":{"line":552,"column":0},"end":{"line":552,"column":22}},"552":{"start":{"line":553,"column":0},"end":{"line":553,"column":6}},"553":{"start":{"line":554,"column":0},"end":{"line":554,"column":7}},"554":{"start":{"line":555,"column":0},"end":{"line":555,"column":6}},"555":{"start":{"line":556,"column":0},"end":{"line":556,"column":61}},"556":{"start":{"line":557,"column":0},"end":{"line":557,"column":10}},"557":{"start":{"line":558,"column":0},"end":{"line":558,"column":17}},"558":{"start":{"line":559,"column":0},"end":{"line":559,"column":9}},"559":{"start":{"line":560,"column":0},"end":{"line":560,"column":11}},"560":{"start":{"line":561,"column":0},"end":{"line":561,"column":88}},"561":{"start":{"line":562,"column":0},"end":{"line":562,"column":70}},"562":{"start":{"line":563,"column":0},"end":{"line":563,"column":39}},"563":{"start":{"line":564,"column":0},"end":{"line":564,"column":32}},"564":{"start":{"line":565,"column":0},"end":{"line":565,"column":5}},"565":{"start":{"line":566,"column":0},"end":{"line":566,"column":4}},"566":{"start":{"line":567,"column":0},"end":{"line":567,"column":1}},"567":{"start":{"line":568,"column":0},"end":{"line":568,"column":26}},"568":{"start":{"line":569,"column":0},"end":{"line":569,"column":8}},"569":{"start":{"line":570,"column":0},"end":{"line":570,"column":10}},"570":{"start":{"line":571,"column":0},"end":{"line":571,"column":7}},"571":{"start":{"line":572,"column":0},"end":{"line":572,"column":9}},"572":{"start":{"line":573,"column":0},"end":{"line":573,"column":22}},"573":{"start":{"line":574,"column":0},"end":{"line":574,"column":8}},"574":{"start":{"line":575,"column":0},"end":{"line":575,"column":15}},"575":{"start":{"line":576,"column":0},"end":{"line":576,"column":5}},"576":{"start":{"line":577,"column":0},"end":{"line":577,"column":4}},"577":{"start":{"line":578,"column":0},"end":{"line":578,"column":9}},"578":{"start":{"line":579,"column":0},"end":{"line":579,"column":53}},"579":{"start":{"line":580,"column":0},"end":{"line":580,"column":81}},"580":{"start":{"line":581,"column":0},"end":{"line":581,"column":79}},"581":{"start":{"line":582,"column":0},"end":{"line":582,"column":3}},"582":{"start":{"line":583,"column":0},"end":{"line":583,"column":22}},"583":{"start":{"line":584,"column":0},"end":{"line":584,"column":19}},"584":{"start":{"line":585,"column":0},"end":{"line":585,"column":25}},"585":{"start":{"line":586,"column":0},"end":{"line":586,"column":78}},"586":{"start":{"line":587,"column":0},"end":{"line":587,"column":27}},"587":{"start":{"line":588,"column":0},"end":{"line":588,"column":36}},"588":{"start":{"line":589,"column":0},"end":{"line":589,"column":55}},"589":{"start":{"line":590,"column":0},"end":{"line":590,"column":83}},"590":{"start":{"line":591,"column":0},"end":{"line":591,"column":58}},"591":{"start":{"line":592,"column":0},"end":{"line":592,"column":21}},"592":{"start":{"line":593,"column":0},"end":{"line":593,"column":46}},"593":{"start":{"line":594,"column":0},"end":{"line":594,"column":46}},"594":{"start":{"line":595,"column":0},"end":{"line":595,"column":70}},"595":{"start":{"line":596,"column":0},"end":{"line":596,"column":7}},"596":{"start":{"line":597,"column":0},"end":{"line":597,"column":41}},"597":{"start":{"line":598,"column":0},"end":{"line":598,"column":41}},"598":{"start":{"line":599,"column":0},"end":{"line":599,"column":33}},"599":{"start":{"line":600,"column":0},"end":{"line":600,"column":48}},"600":{"start":{"line":601,"column":0},"end":{"line":601,"column":52}},"601":{"start":{"line":602,"column":0},"end":{"line":602,"column":61}},"602":{"start":{"line":603,"column":0},"end":{"line":603,"column":41}},"603":{"start":{"line":604,"column":0},"end":{"line":604,"column":32}},"604":{"start":{"line":605,"column":0},"end":{"line":605,"column":114}},"605":{"start":{"line":606,"column":0},"end":{"line":606,"column":18}},"606":{"start":{"line":607,"column":0},"end":{"line":607,"column":15}},"607":{"start":{"line":608,"column":0},"end":{"line":608,"column":28}},"608":{"start":{"line":609,"column":0},"end":{"line":609,"column":86}},"609":{"start":{"line":610,"column":0},"end":{"line":610,"column":45}},"610":{"start":{"line":611,"column":0},"end":{"line":611,"column":66}},"611":{"start":{"line":612,"column":0},"end":{"line":612,"column":36}},"612":{"start":{"line":613,"column":0},"end":{"line":613,"column":35}},"613":{"start":{"line":614,"column":0},"end":{"line":614,"column":17}},"614":{"start":{"line":615,"column":0},"end":{"line":615,"column":13}},"615":{"start":{"line":616,"column":0},"end":{"line":616,"column":29}},"616":{"start":{"line":617,"column":0},"end":{"line":617,"column":37}},"617":{"start":{"line":618,"column":0},"end":{"line":618,"column":13}},"618":{"start":{"line":619,"column":0},"end":{"line":619,"column":24}},"619":{"start":{"line":620,"column":0},"end":{"line":620,"column":11}},"620":{"start":{"line":621,"column":0},"end":{"line":621,"column":39}},"621":{"start":{"line":622,"column":0},"end":{"line":622,"column":32}},"622":{"start":{"line":623,"column":0},"end":{"line":623,"column":59}},"623":{"start":{"line":624,"column":0},"end":{"line":624,"column":31}},"624":{"start":{"line":625,"column":0},"end":{"line":625,"column":57}},"625":{"start":{"line":626,"column":0},"end":{"line":626,"column":15}},"626":{"start":{"line":627,"column":0},"end":{"line":627,"column":28}},"627":{"start":{"line":628,"column":0},"end":{"line":628,"column":14}},"628":{"start":{"line":629,"column":0},"end":{"line":629,"column":11}},"629":{"start":{"line":630,"column":0},"end":{"line":630,"column":32}},"630":{"start":{"line":631,"column":0},"end":{"line":631,"column":24}},"631":{"start":{"line":632,"column":0},"end":{"line":632,"column":11}},"632":{"start":{"line":633,"column":0},"end":{"line":633,"column":32}},"633":{"start":{"line":634,"column":0},"end":{"line":634,"column":32}},"634":{"start":{"line":635,"column":0},"end":{"line":635,"column":46}},"635":{"start":{"line":636,"column":0},"end":{"line":636,"column":14}},"636":{"start":{"line":637,"column":0},"end":{"line":637,"column":11}},"637":{"start":{"line":638,"column":0},"end":{"line":638,"column":57}},"638":{"start":{"line":639,"column":0},"end":{"line":639,"column":9}},"639":{"start":{"line":640,"column":0},"end":{"line":640,"column":9}},"640":{"start":{"line":641,"column":0},"end":{"line":641,"column":16}},"641":{"start":{"line":642,"column":0},"end":{"line":642,"column":41}},"642":{"start":{"line":643,"column":0},"end":{"line":643,"column":42}},"643":{"start":{"line":644,"column":0},"end":{"line":644,"column":43}},"644":{"start":{"line":645,"column":0},"end":{"line":645,"column":58}},"645":{"start":{"line":646,"column":0},"end":{"line":646,"column":59}},"646":{"start":{"line":647,"column":0},"end":{"line":647,"column":88}},"647":{"start":{"line":648,"column":0},"end":{"line":648,"column":28}},"648":{"start":{"line":649,"column":0},"end":{"line":649,"column":30}},"649":{"start":{"line":650,"column":0},"end":{"line":650,"column":212}},"650":{"start":{"line":651,"column":0},"end":{"line":651,"column":16}},"651":{"start":{"line":652,"column":0},"end":{"line":652,"column":13}},"652":{"start":{"line":653,"column":0},"end":{"line":653,"column":11}},"653":{"start":{"line":654,"column":0},"end":{"line":654,"column":23}},"654":{"start":{"line":655,"column":0},"end":{"line":655,"column":10}},"655":{"start":{"line":656,"column":0},"end":{"line":656,"column":7}},"656":{"start":{"line":657,"column":0},"end":{"line":657,"column":19}},"657":{"start":{"line":658,"column":0},"end":{"line":658,"column":6}},"658":{"start":{"line":659,"column":0},"end":{"line":659,"column":33}},"659":{"start":{"line":660,"column":0},"end":{"line":660,"column":20}},"660":{"start":{"line":661,"column":0},"end":{"line":661,"column":6}},"661":{"start":{"line":662,"column":0},"end":{"line":662,"column":10}},"662":{"start":{"line":663,"column":0},"end":{"line":663,"column":4}},"663":{"start":{"line":664,"column":0},"end":{"line":664,"column":39}},"664":{"start":{"line":665,"column":0},"end":{"line":665,"column":14}},"665":{"start":{"line":666,"column":0},"end":{"line":666,"column":13}},"666":{"start":{"line":667,"column":0},"end":{"line":667,"column":24}},"667":{"start":{"line":668,"column":0},"end":{"line":668,"column":96}},"668":{"start":{"line":669,"column":0},"end":{"line":669,"column":10}},"669":{"start":{"line":670,"column":0},"end":{"line":670,"column":8}},"670":{"start":{"line":671,"column":0},"end":{"line":671,"column":23}},"671":{"start":{"line":672,"column":0},"end":{"line":672,"column":5}},"672":{"start":{"line":673,"column":0},"end":{"line":673,"column":5}},"673":{"start":{"line":674,"column":0},"end":{"line":674,"column":61}},"674":{"start":{"line":675,"column":0},"end":{"line":675,"column":45}},"675":{"start":{"line":676,"column":0},"end":{"line":676,"column":1}},"676":{"start":{"line":677,"column":0},"end":{"line":677,"column":22}},"677":{"start":{"line":678,"column":0},"end":{"line":678,"column":19}},"678":{"start":{"line":679,"column":0},"end":{"line":679,"column":34}},"679":{"start":{"line":680,"column":0},"end":{"line":680,"column":25}},"680":{"start":{"line":681,"column":0},"end":{"line":681,"column":13}},"681":{"start":{"line":682,"column":0},"end":{"line":682,"column":49}},"682":{"start":{"line":683,"column":0},"end":{"line":683,"column":41}},"683":{"start":{"line":684,"column":0},"end":{"line":684,"column":84}},"684":{"start":{"line":685,"column":0},"end":{"line":685,"column":26}},"685":{"start":{"line":686,"column":0},"end":{"line":686,"column":13}},"686":{"start":{"line":687,"column":0},"end":{"line":687,"column":39}},"687":{"start":{"line":688,"column":0},"end":{"line":688,"column":10}},"688":{"start":{"line":689,"column":0},"end":{"line":689,"column":64}},"689":{"start":{"line":690,"column":0},"end":{"line":690,"column":3}},"690":{"start":{"line":691,"column":0},"end":{"line":691,"column":36}},"691":{"start":{"line":692,"column":0},"end":{"line":692,"column":1}},"692":{"start":{"line":693,"column":0},"end":{"line":693,"column":31}},"693":{"start":{"line":694,"column":0},"end":{"line":694,"column":15}},"694":{"start":{"line":695,"column":0},"end":{"line":695,"column":15}},"695":{"start":{"line":696,"column":0},"end":{"line":696,"column":2}},"696":{"start":{"line":697,"column":0},"end":{"line":697,"column":42}},"697":{"start":{"line":698,"column":0},"end":{"line":698,"column":145}},"698":{"start":{"line":699,"column":0},"end":{"line":699,"column":5}},"699":{"start":{"line":700,"column":0},"end":{"line":700,"column":2}},"700":{"start":{"line":701,"column":0},"end":{"line":701,"column":32}},"701":{"start":{"line":702,"column":0},"end":{"line":702,"column":70}},"702":{"start":{"line":703,"column":0},"end":{"line":703,"column":29}},"703":{"start":{"line":704,"column":0},"end":{"line":704,"column":19}},"704":{"start":{"line":705,"column":0},"end":{"line":705,"column":5}},"705":{"start":{"line":706,"column":0},"end":{"line":706,"column":71}},"706":{"start":{"line":707,"column":0},"end":{"line":707,"column":5}},"707":{"start":{"line":708,"column":0},"end":{"line":708,"column":28}},"708":{"start":{"line":709,"column":0},"end":{"line":709,"column":1}},"709":{"start":{"line":710,"column":0},"end":{"line":710,"column":22}},"710":{"start":{"line":711,"column":0},"end":{"line":711,"column":17}},"711":{"start":{"line":712,"column":0},"end":{"line":712,"column":22}},"712":{"start":{"line":713,"column":0},"end":{"line":713,"column":21}},"713":{"start":{"line":714,"column":0},"end":{"line":714,"column":2}},"714":{"start":{"line":715,"column":0},"end":{"line":715,"column":75}},"715":{"start":{"line":716,"column":0},"end":{"line":716,"column":64}},"716":{"start":{"line":717,"column":0},"end":{"line":717,"column":21}},"717":{"start":{"line":718,"column":0},"end":{"line":718,"column":27}},"718":{"start":{"line":719,"column":0},"end":{"line":719,"column":17}},"719":{"start":{"line":720,"column":0},"end":{"line":720,"column":57}},"720":{"start":{"line":721,"column":0},"end":{"line":721,"column":30}},"721":{"start":{"line":722,"column":0},"end":{"line":722,"column":28}},"722":{"start":{"line":723,"column":0},"end":{"line":723,"column":5}},"723":{"start":{"line":724,"column":0},"end":{"line":724,"column":33}},"724":{"start":{"line":725,"column":0},"end":{"line":725,"column":28}},"725":{"start":{"line":726,"column":0},"end":{"line":726,"column":23}},"726":{"start":{"line":727,"column":0},"end":{"line":727,"column":18}},"727":{"start":{"line":728,"column":0},"end":{"line":728,"column":3}},"728":{"start":{"line":729,"column":0},"end":{"line":729,"column":19}},"729":{"start":{"line":730,"column":0},"end":{"line":730,"column":36}},"730":{"start":{"line":731,"column":0},"end":{"line":731,"column":44}},"731":{"start":{"line":732,"column":0},"end":{"line":732,"column":12}},"732":{"start":{"line":733,"column":0},"end":{"line":733,"column":31}},"733":{"start":{"line":734,"column":0},"end":{"line":734,"column":4}},"734":{"start":{"line":735,"column":0},"end":{"line":735,"column":96}},"735":{"start":{"line":736,"column":0},"end":{"line":736,"column":17}},"736":{"start":{"line":737,"column":0},"end":{"line":737,"column":30}},"737":{"start":{"line":738,"column":0},"end":{"line":738,"column":29}},"738":{"start":{"line":739,"column":0},"end":{"line":739,"column":47}},"739":{"start":{"line":740,"column":0},"end":{"line":740,"column":4}},"740":{"start":{"line":741,"column":0},"end":{"line":741,"column":29}},"741":{"start":{"line":742,"column":0},"end":{"line":742,"column":76}},"742":{"start":{"line":743,"column":0},"end":{"line":743,"column":3}},"743":{"start":{"line":744,"column":0},"end":{"line":744,"column":67}},"744":{"start":{"line":745,"column":0},"end":{"line":745,"column":96}},"745":{"start":{"line":746,"column":0},"end":{"line":746,"column":16}},"746":{"start":{"line":747,"column":0},"end":{"line":747,"column":44}},"747":{"start":{"line":748,"column":0},"end":{"line":748,"column":38}},"748":{"start":{"line":749,"column":0},"end":{"line":749,"column":5}},"749":{"start":{"line":750,"column":0},"end":{"line":750,"column":3}},"750":{"start":{"line":751,"column":0},"end":{"line":751,"column":64}},"751":{"start":{"line":752,"column":0},"end":{"line":752,"column":1}},"752":{"start":{"line":753,"column":0},"end":{"line":753,"column":25}},"753":{"start":{"line":754,"column":0},"end":{"line":754,"column":34}},"754":{"start":{"line":755,"column":0},"end":{"line":755,"column":23}},"755":{"start":{"line":756,"column":0},"end":{"line":756,"column":14}},"756":{"start":{"line":757,"column":0},"end":{"line":757,"column":17}},"757":{"start":{"line":758,"column":0},"end":{"line":758,"column":28}},"758":{"start":{"line":759,"column":0},"end":{"line":759,"column":30}},"759":{"start":{"line":760,"column":0},"end":{"line":760,"column":47}},"760":{"start":{"line":761,"column":0},"end":{"line":761,"column":41}},"761":{"start":{"line":762,"column":0},"end":{"line":762,"column":12}},"762":{"start":{"line":763,"column":0},"end":{"line":763,"column":10}},"763":{"start":{"line":764,"column":0},"end":{"line":764,"column":10}},"764":{"start":{"line":765,"column":0},"end":{"line":765,"column":22}},"765":{"start":{"line":766,"column":0},"end":{"line":766,"column":22}},"766":{"start":{"line":767,"column":0},"end":{"line":767,"column":22}},"767":{"start":{"line":768,"column":0},"end":{"line":768,"column":22}},"768":{"start":{"line":769,"column":0},"end":{"line":769,"column":22}},"769":{"start":{"line":770,"column":0},"end":{"line":770,"column":22}},"770":{"start":{"line":771,"column":0},"end":{"line":771,"column":22}},"771":{"start":{"line":772,"column":0},"end":{"line":772,"column":22}},"772":{"start":{"line":773,"column":0},"end":{"line":773,"column":37}},"773":{"start":{"line":774,"column":0},"end":{"line":774,"column":20}},"774":{"start":{"line":775,"column":0},"end":{"line":775,"column":20}},"775":{"start":{"line":776,"column":0},"end":{"line":776,"column":14}},"776":{"start":{"line":777,"column":0},"end":{"line":777,"column":27}},"777":{"start":{"line":778,"column":0},"end":{"line":778,"column":28}},"778":{"start":{"line":779,"column":0},"end":{"line":779,"column":167}},"779":{"start":{"line":780,"column":0},"end":{"line":780,"column":7}},"780":{"start":{"line":781,"column":0},"end":{"line":781,"column":146}},"781":{"start":{"line":782,"column":0},"end":{"line":782,"column":18}},"782":{"start":{"line":783,"column":0},"end":{"line":783,"column":18}},"783":{"start":{"line":784,"column":0},"end":{"line":784,"column":18}},"784":{"start":{"line":785,"column":0},"end":{"line":785,"column":28}},"785":{"start":{"line":786,"column":0},"end":{"line":786,"column":18}},"786":{"start":{"line":787,"column":0},"end":{"line":787,"column":18}},"787":{"start":{"line":788,"column":0},"end":{"line":788,"column":18}},"788":{"start":{"line":789,"column":0},"end":{"line":789,"column":142}},"789":{"start":{"line":790,"column":0},"end":{"line":790,"column":5}},"790":{"start":{"line":791,"column":0},"end":{"line":791,"column":31}},"791":{"start":{"line":792,"column":0},"end":{"line":792,"column":31}},"792":{"start":{"line":793,"column":0},"end":{"line":793,"column":31}},"793":{"start":{"line":794,"column":0},"end":{"line":794,"column":31}},"794":{"start":{"line":795,"column":0},"end":{"line":795,"column":31}},"795":{"start":{"line":796,"column":0},"end":{"line":796,"column":31}},"796":{"start":{"line":797,"column":0},"end":{"line":797,"column":31}},"797":{"start":{"line":798,"column":0},"end":{"line":798,"column":31}},"798":{"start":{"line":799,"column":0},"end":{"line":799,"column":3}},"799":{"start":{"line":800,"column":0},"end":{"line":800,"column":43}},"800":{"start":{"line":801,"column":0},"end":{"line":801,"column":28}},"801":{"start":{"line":802,"column":0},"end":{"line":802,"column":23}},"802":{"start":{"line":803,"column":0},"end":{"line":803,"column":1}},"803":{"start":{"line":804,"column":0},"end":{"line":804,"column":32}},"804":{"start":{"line":805,"column":0},"end":{"line":805,"column":32}},"805":{"start":{"line":806,"column":0},"end":{"line":806,"column":23}},"806":{"start":{"line":807,"column":0},"end":{"line":807,"column":20}},"807":{"start":{"line":808,"column":0},"end":{"line":808,"column":44}},"808":{"start":{"line":809,"column":0},"end":{"line":809,"column":3}},"809":{"start":{"line":810,"column":0},"end":{"line":810,"column":16}},"810":{"start":{"line":811,"column":0},"end":{"line":811,"column":36}},"811":{"start":{"line":812,"column":0},"end":{"line":812,"column":24}},"812":{"start":{"line":813,"column":0},"end":{"line":813,"column":62}},"813":{"start":{"line":814,"column":0},"end":{"line":814,"column":33}},"814":{"start":{"line":815,"column":0},"end":{"line":815,"column":25}},"815":{"start":{"line":816,"column":0},"end":{"line":816,"column":14}},"816":{"start":{"line":817,"column":0},"end":{"line":817,"column":7}},"817":{"start":{"line":818,"column":0},"end":{"line":818,"column":5}},"818":{"start":{"line":819,"column":0},"end":{"line":819,"column":19}},"819":{"start":{"line":820,"column":0},"end":{"line":820,"column":18}},"820":{"start":{"line":821,"column":0},"end":{"line":821,"column":41}},"821":{"start":{"line":822,"column":0},"end":{"line":822,"column":7}},"822":{"start":{"line":823,"column":0},"end":{"line":823,"column":38}},"823":{"start":{"line":824,"column":0},"end":{"line":824,"column":10}},"824":{"start":{"line":825,"column":0},"end":{"line":825,"column":5}},"825":{"start":{"line":826,"column":0},"end":{"line":826,"column":3}},"826":{"start":{"line":827,"column":0},"end":{"line":827,"column":1}},"827":{"start":{"line":828,"column":0},"end":{"line":828,"column":36}},"828":{"start":{"line":829,"column":0},"end":{"line":829,"column":45}},"829":{"start":{"line":830,"column":0},"end":{"line":830,"column":27}},"830":{"start":{"line":831,"column":0},"end":{"line":831,"column":27}},"831":{"start":{"line":832,"column":0},"end":{"line":832,"column":27}},"832":{"start":{"line":833,"column":0},"end":{"line":833,"column":27}},"833":{"start":{"line":834,"column":0},"end":{"line":834,"column":21}},"834":{"start":{"line":835,"column":0},"end":{"line":835,"column":21}},"835":{"start":{"line":836,"column":0},"end":{"line":836,"column":21}},"836":{"start":{"line":837,"column":0},"end":{"line":837,"column":21}},"837":{"start":{"line":838,"column":0},"end":{"line":838,"column":3}},"838":{"start":{"line":839,"column":0},"end":{"line":839,"column":1}},"839":{"start":{"line":840,"column":0},"end":{"line":840,"column":22}},"840":{"start":{"line":841,"column":0},"end":{"line":841,"column":38}},"841":{"start":{"line":842,"column":0},"end":{"line":842,"column":36}},"842":{"start":{"line":843,"column":0},"end":{"line":843,"column":52}},"843":{"start":{"line":844,"column":0},"end":{"line":844,"column":41}},"844":{"start":{"line":845,"column":0},"end":{"line":845,"column":21}},"845":{"start":{"line":846,"column":0},"end":{"line":846,"column":30}},"846":{"start":{"line":847,"column":0},"end":{"line":847,"column":28}},"847":{"start":{"line":848,"column":0},"end":{"line":848,"column":46}},"848":{"start":{"line":849,"column":0},"end":{"line":849,"column":60}},"849":{"start":{"line":850,"column":0},"end":{"line":850,"column":35}},"850":{"start":{"line":851,"column":0},"end":{"line":851,"column":15}},"851":{"start":{"line":852,"column":0},"end":{"line":852,"column":1}},"852":{"start":{"line":853,"column":0},"end":{"line":853,"column":91}},"853":{"start":{"line":854,"column":0},"end":{"line":854,"column":24}},"854":{"start":{"line":855,"column":0},"end":{"line":855,"column":25}},"855":{"start":{"line":856,"column":0},"end":{"line":856,"column":18}},"856":{"start":{"line":857,"column":0},"end":{"line":857,"column":8}},"857":{"start":{"line":858,"column":0},"end":{"line":858,"column":30}},"858":{"start":{"line":859,"column":0},"end":{"line":859,"column":39}},"859":{"start":{"line":860,"column":0},"end":{"line":860,"column":65}},"860":{"start":{"line":861,"column":0},"end":{"line":861,"column":62}},"861":{"start":{"line":862,"column":0},"end":{"line":862,"column":35}},"862":{"start":{"line":863,"column":0},"end":{"line":863,"column":3}},"863":{"start":{"line":864,"column":0},"end":{"line":864,"column":20}},"864":{"start":{"line":865,"column":0},"end":{"line":865,"column":39}},"865":{"start":{"line":866,"column":0},"end":{"line":866,"column":45}},"866":{"start":{"line":867,"column":0},"end":{"line":867,"column":19}},"867":{"start":{"line":868,"column":0},"end":{"line":868,"column":3}},"868":{"start":{"line":869,"column":0},"end":{"line":869,"column":16}},"869":{"start":{"line":870,"column":0},"end":{"line":870,"column":39}},"870":{"start":{"line":871,"column":0},"end":{"line":871,"column":65}},"871":{"start":{"line":872,"column":0},"end":{"line":872,"column":46}},"872":{"start":{"line":873,"column":0},"end":{"line":873,"column":18}},"873":{"start":{"line":874,"column":0},"end":{"line":874,"column":3}},"874":{"start":{"line":875,"column":0},"end":{"line":875,"column":16}},"875":{"start":{"line":876,"column":0},"end":{"line":876,"column":1}},"876":{"start":{"line":877,"column":0},"end":{"line":877,"column":33}},"877":{"start":{"line":878,"column":0},"end":{"line":878,"column":27}},"878":{"start":{"line":879,"column":0},"end":{"line":879,"column":32}},"879":{"start":{"line":880,"column":0},"end":{"line":880,"column":23}},"880":{"start":{"line":881,"column":0},"end":{"line":881,"column":1}},"881":{"start":{"line":882,"column":0},"end":{"line":882,"column":40}},"882":{"start":{"line":883,"column":0},"end":{"line":883,"column":9}},"883":{"start":{"line":884,"column":0},"end":{"line":884,"column":16}},"884":{"start":{"line":885,"column":0},"end":{"line":885,"column":18}},"885":{"start":{"line":886,"column":0},"end":{"line":886,"column":18}},"886":{"start":{"line":887,"column":0},"end":{"line":887,"column":9}},"887":{"start":{"line":888,"column":0},"end":{"line":888,"column":19}},"888":{"start":{"line":889,"column":0},"end":{"line":889,"column":18}},"889":{"start":{"line":890,"column":0},"end":{"line":890,"column":20}},"890":{"start":{"line":891,"column":0},"end":{"line":891,"column":3}},"891":{"start":{"line":892,"column":0},"end":{"line":892,"column":45}},"892":{"start":{"line":893,"column":0},"end":{"line":893,"column":20}},"893":{"start":{"line":894,"column":0},"end":{"line":894,"column":14}},"894":{"start":{"line":895,"column":0},"end":{"line":895,"column":20}},"895":{"start":{"line":896,"column":0},"end":{"line":896,"column":19}},"896":{"start":{"line":897,"column":0},"end":{"line":897,"column":14}},"897":{"start":{"line":898,"column":0},"end":{"line":898,"column":14}},"898":{"start":{"line":899,"column":0},"end":{"line":899,"column":13}},"899":{"start":{"line":900,"column":0},"end":{"line":900,"column":9}},"900":{"start":{"line":901,"column":0},"end":{"line":901,"column":51}},"901":{"start":{"line":902,"column":0},"end":{"line":902,"column":34}},"902":{"start":{"line":903,"column":0},"end":{"line":903,"column":60}},"903":{"start":{"line":904,"column":0},"end":{"line":904,"column":31}},"904":{"start":{"line":905,"column":0},"end":{"line":905,"column":14}},"905":{"start":{"line":906,"column":0},"end":{"line":906,"column":70}},"906":{"start":{"line":907,"column":0},"end":{"line":907,"column":84}},"907":{"start":{"line":908,"column":0},"end":{"line":908,"column":68}},"908":{"start":{"line":909,"column":0},"end":{"line":909,"column":7}},"909":{"start":{"line":910,"column":0},"end":{"line":910,"column":5}},"910":{"start":{"line":911,"column":0},"end":{"line":911,"column":26}},"911":{"start":{"line":912,"column":0},"end":{"line":912,"column":25}},"912":{"start":{"line":913,"column":0},"end":{"line":913,"column":69}},"913":{"start":{"line":914,"column":0},"end":{"line":914,"column":67}},"914":{"start":{"line":915,"column":0},"end":{"line":915,"column":132}},"915":{"start":{"line":916,"column":0},"end":{"line":916,"column":137}},"916":{"start":{"line":917,"column":0},"end":{"line":917,"column":74}},"917":{"start":{"line":918,"column":0},"end":{"line":918,"column":72}},"918":{"start":{"line":919,"column":0},"end":{"line":919,"column":24}},"919":{"start":{"line":920,"column":0},"end":{"line":920,"column":3}},"920":{"start":{"line":921,"column":0},"end":{"line":921,"column":23}},"921":{"start":{"line":922,"column":0},"end":{"line":922,"column":33}},"922":{"start":{"line":923,"column":0},"end":{"line":923,"column":29}},"923":{"start":{"line":924,"column":0},"end":{"line":924,"column":59}},"924":{"start":{"line":925,"column":0},"end":{"line":925,"column":49}},"925":{"start":{"line":926,"column":0},"end":{"line":926,"column":54}},"926":{"start":{"line":927,"column":0},"end":{"line":927,"column":7}},"927":{"start":{"line":928,"column":0},"end":{"line":928,"column":5}},"928":{"start":{"line":929,"column":0},"end":{"line":929,"column":3}},"929":{"start":{"line":930,"column":0},"end":{"line":930,"column":22}},"930":{"start":{"line":931,"column":0},"end":{"line":931,"column":32}},"931":{"start":{"line":932,"column":0},"end":{"line":932,"column":29}},"932":{"start":{"line":933,"column":0},"end":{"line":933,"column":58}},"933":{"start":{"line":934,"column":0},"end":{"line":934,"column":48}},"934":{"start":{"line":935,"column":0},"end":{"line":935,"column":53}},"935":{"start":{"line":936,"column":0},"end":{"line":936,"column":7}},"936":{"start":{"line":937,"column":0},"end":{"line":937,"column":5}},"937":{"start":{"line":938,"column":0},"end":{"line":938,"column":3}},"938":{"start":{"line":939,"column":0},"end":{"line":939,"column":31}},"939":{"start":{"line":940,"column":0},"end":{"line":940,"column":22}},"940":{"start":{"line":941,"column":0},"end":{"line":941,"column":47}},"941":{"start":{"line":942,"column":0},"end":{"line":942,"column":37}},"942":{"start":{"line":943,"column":0},"end":{"line":943,"column":33}},"943":{"start":{"line":944,"column":0},"end":{"line":944,"column":70}},"944":{"start":{"line":945,"column":0},"end":{"line":945,"column":26}},"945":{"start":{"line":946,"column":0},"end":{"line":946,"column":8}},"946":{"start":{"line":947,"column":0},"end":{"line":947,"column":5}},"947":{"start":{"line":948,"column":0},"end":{"line":948,"column":38}},"948":{"start":{"line":949,"column":0},"end":{"line":949,"column":34}},"949":{"start":{"line":950,"column":0},"end":{"line":950,"column":71}},"950":{"start":{"line":951,"column":0},"end":{"line":951,"column":27}},"951":{"start":{"line":952,"column":0},"end":{"line":952,"column":8}},"952":{"start":{"line":953,"column":0},"end":{"line":953,"column":5}},"953":{"start":{"line":954,"column":0},"end":{"line":954,"column":36}},"954":{"start":{"line":955,"column":0},"end":{"line":955,"column":99}},"955":{"start":{"line":956,"column":0},"end":{"line":956,"column":17}},"956":{"start":{"line":957,"column":0},"end":{"line":957,"column":7}},"957":{"start":{"line":958,"column":0},"end":{"line":958,"column":37}},"958":{"start":{"line":959,"column":0},"end":{"line":959,"column":17}},"959":{"start":{"line":960,"column":0},"end":{"line":960,"column":17}},"960":{"start":{"line":961,"column":0},"end":{"line":961,"column":31}},"961":{"start":{"line":962,"column":0},"end":{"line":962,"column":33}},"962":{"start":{"line":963,"column":0},"end":{"line":963,"column":35}},"963":{"start":{"line":964,"column":0},"end":{"line":964,"column":66}},"964":{"start":{"line":965,"column":0},"end":{"line":965,"column":42}},"965":{"start":{"line":966,"column":0},"end":{"line":966,"column":18}},"966":{"start":{"line":967,"column":0},"end":{"line":967,"column":35}},"967":{"start":{"line":968,"column":0},"end":{"line":968,"column":11}},"968":{"start":{"line":969,"column":0},"end":{"line":969,"column":11}},"969":{"start":{"line":970,"column":0},"end":{"line":970,"column":7}},"970":{"start":{"line":971,"column":0},"end":{"line":971,"column":39}},"971":{"start":{"line":972,"column":0},"end":{"line":972,"column":5}},"972":{"start":{"line":973,"column":0},"end":{"line":973,"column":29}},"973":{"start":{"line":974,"column":0},"end":{"line":974,"column":3}},"974":{"start":{"line":975,"column":0},"end":{"line":975,"column":1}},"975":{"start":{"line":976,"column":0},"end":{"line":976,"column":40}},"976":{"start":{"line":977,"column":0},"end":{"line":977,"column":14}},"977":{"start":{"line":978,"column":0},"end":{"line":978,"column":60}},"978":{"start":{"line":979,"column":0},"end":{"line":979,"column":76}},"979":{"start":{"line":980,"column":0},"end":{"line":980,"column":3}},"980":{"start":{"line":981,"column":0},"end":{"line":981,"column":1}},"981":{"start":{"line":982,"column":0},"end":{"line":982,"column":50}},"982":{"start":{"line":983,"column":0},"end":{"line":983,"column":51}},"983":{"start":{"line":984,"column":0},"end":{"line":984,"column":15}},"984":{"start":{"line":985,"column":0},"end":{"line":985,"column":46}},"985":{"start":{"line":986,"column":0},"end":{"line":986,"column":66}},"986":{"start":{"line":987,"column":0},"end":{"line":987,"column":99}},"987":{"start":{"line":988,"column":0},"end":{"line":988,"column":101}},"988":{"start":{"line":989,"column":0},"end":{"line":989,"column":46}},"989":{"start":{"line":990,"column":0},"end":{"line":990,"column":20}},"990":{"start":{"line":991,"column":0},"end":{"line":991,"column":131}},"991":{"start":{"line":992,"column":0},"end":{"line":992,"column":10}},"992":{"start":{"line":993,"column":0},"end":{"line":993,"column":7}},"993":{"start":{"line":994,"column":0},"end":{"line":994,"column":5}},"994":{"start":{"line":995,"column":0},"end":{"line":995,"column":3}},"995":{"start":{"line":996,"column":0},"end":{"line":996,"column":1}},"996":{"start":{"line":997,"column":0},"end":{"line":997,"column":11}},"997":{"start":{"line":998,"column":0},"end":{"line":998,"column":27}},"998":{"start":{"line":999,"column":0},"end":{"line":999,"column":15}},"999":{"start":{"line":1000,"column":0},"end":{"line":1000,"column":23}},"1000":{"start":{"line":1001,"column":0},"end":{"line":1001,"column":69}},"1001":{"start":{"line":1002,"column":0},"end":{"line":1002,"column":71}},"1002":{"start":{"line":1003,"column":0},"end":{"line":1003,"column":81}},"1003":{"start":{"line":1004,"column":0},"end":{"line":1004,"column":99}},"1004":{"start":{"line":1005,"column":0},"end":{"line":1005,"column":3}},"1005":{"start":{"line":1006,"column":0},"end":{"line":1006,"column":28}},"1006":{"start":{"line":1007,"column":0},"end":{"line":1007,"column":96}},"1007":{"start":{"line":1008,"column":0},"end":{"line":1008,"column":3}},"1008":{"start":{"line":1009,"column":0},"end":{"line":1009,"column":27}},"1009":{"start":{"line":1010,"column":0},"end":{"line":1010,"column":94}},"1010":{"start":{"line":1011,"column":0},"end":{"line":1011,"column":3}},"1011":{"start":{"line":1012,"column":0},"end":{"line":1012,"column":23}},"1012":{"start":{"line":1013,"column":0},"end":{"line":1013,"column":42}},"1013":{"start":{"line":1014,"column":0},"end":{"line":1014,"column":50}},"1014":{"start":{"line":1015,"column":0},"end":{"line":1015,"column":3}},"1015":{"start":{"line":1016,"column":0},"end":{"line":1016,"column":22}},"1016":{"start":{"line":1017,"column":0},"end":{"line":1017,"column":41}},"1017":{"start":{"line":1018,"column":0},"end":{"line":1018,"column":49}},"1018":{"start":{"line":1019,"column":0},"end":{"line":1019,"column":3}},"1019":{"start":{"line":1020,"column":0},"end":{"line":1020,"column":1}},"1020":{"start":{"line":1021,"column":0},"end":{"line":1021,"column":17}},"1021":{"start":{"line":1022,"column":0},"end":{"line":1022,"column":21}},"1022":{"start":{"line":1023,"column":0},"end":{"line":1023,"column":20}},"1023":{"start":{"line":1024,"column":0},"end":{"line":1024,"column":2}},"1024":{"start":{"line":1025,"column":0},"end":{"line":1025,"column":32}},"1025":{"start":{"line":1026,"column":0},"end":{"line":1026,"column":9}},"1026":{"start":{"line":1027,"column":0},"end":{"line":1027,"column":10}},"1027":{"start":{"line":1028,"column":0},"end":{"line":1028,"column":10}},"1028":{"start":{"line":1029,"column":0},"end":{"line":1029,"column":8}},"1029":{"start":{"line":1030,"column":0},"end":{"line":1030,"column":14}},"1030":{"start":{"line":1031,"column":0},"end":{"line":1031,"column":9}},"1031":{"start":{"line":1032,"column":0},"end":{"line":1032,"column":23}},"1032":{"start":{"line":1033,"column":0},"end":{"line":1033,"column":8}},"1033":{"start":{"line":1034,"column":0},"end":{"line":1034,"column":15}},"1034":{"start":{"line":1035,"column":0},"end":{"line":1035,"column":15}},"1035":{"start":{"line":1036,"column":0},"end":{"line":1036,"column":4}},"1036":{"start":{"line":1037,"column":0},"end":{"line":1037,"column":9}},"1037":{"start":{"line":1038,"column":0},"end":{"line":1038,"column":27}},"1038":{"start":{"line":1039,"column":0},"end":{"line":1039,"column":39}},"1039":{"start":{"line":1040,"column":0},"end":{"line":1040,"column":84}},"1040":{"start":{"line":1041,"column":0},"end":{"line":1041,"column":5}},"1041":{"start":{"line":1042,"column":0},"end":{"line":1042,"column":46}},"1042":{"start":{"line":1043,"column":0},"end":{"line":1043,"column":93}},"1043":{"start":{"line":1044,"column":0},"end":{"line":1044,"column":5}},"1044":{"start":{"line":1045,"column":0},"end":{"line":1045,"column":3}},"1045":{"start":{"line":1046,"column":0},"end":{"line":1046,"column":39}},"1046":{"start":{"line":1047,"column":0},"end":{"line":1047,"column":49}},"1047":{"start":{"line":1048,"column":0},"end":{"line":1048,"column":48}},"1048":{"start":{"line":1049,"column":0},"end":{"line":1049,"column":57}},"1049":{"start":{"line":1050,"column":0},"end":{"line":1050,"column":50}},"1050":{"start":{"line":1051,"column":0},"end":{"line":1051,"column":15}},"1051":{"start":{"line":1052,"column":0},"end":{"line":1052,"column":196}},"1052":{"start":{"line":1053,"column":0},"end":{"line":1053,"column":24}},"1053":{"start":{"line":1054,"column":0},"end":{"line":1054,"column":19}},"1054":{"start":{"line":1055,"column":0},"end":{"line":1055,"column":15}},"1055":{"start":{"line":1056,"column":0},"end":{"line":1056,"column":29}},"1056":{"start":{"line":1057,"column":0},"end":{"line":1057,"column":35}},"1057":{"start":{"line":1058,"column":0},"end":{"line":1058,"column":15}},"1058":{"start":{"line":1059,"column":0},"end":{"line":1059,"column":8}},"1059":{"start":{"line":1060,"column":0},"end":{"line":1060,"column":80}},"1060":{"start":{"line":1061,"column":0},"end":{"line":1061,"column":22}},"1061":{"start":{"line":1062,"column":0},"end":{"line":1062,"column":6}},"1062":{"start":{"line":1063,"column":0},"end":{"line":1063,"column":18}},"1063":{"start":{"line":1064,"column":0},"end":{"line":1064,"column":48}},"1064":{"start":{"line":1065,"column":0},"end":{"line":1065,"column":44}},"1065":{"start":{"line":1066,"column":0},"end":{"line":1066,"column":32}},"1066":{"start":{"line":1067,"column":0},"end":{"line":1067,"column":5}},"1067":{"start":{"line":1068,"column":0},"end":{"line":1068,"column":18}},"1068":{"start":{"line":1069,"column":0},"end":{"line":1069,"column":20}},"1069":{"start":{"line":1070,"column":0},"end":{"line":1070,"column":27}},"1070":{"start":{"line":1071,"column":0},"end":{"line":1071,"column":29}},"1071":{"start":{"line":1072,"column":0},"end":{"line":1072,"column":13}},"1072":{"start":{"line":1073,"column":0},"end":{"line":1073,"column":21}},"1073":{"start":{"line":1074,"column":0},"end":{"line":1074,"column":11}},"1074":{"start":{"line":1075,"column":0},"end":{"line":1075,"column":22}},"1075":{"start":{"line":1076,"column":0},"end":{"line":1076,"column":6}},"1076":{"start":{"line":1077,"column":0},"end":{"line":1077,"column":52}},"1077":{"start":{"line":1078,"column":0},"end":{"line":1078,"column":51}},"1078":{"start":{"line":1079,"column":0},"end":{"line":1079,"column":20}},"1079":{"start":{"line":1080,"column":0},"end":{"line":1080,"column":93}},"1080":{"start":{"line":1081,"column":0},"end":{"line":1081,"column":9}},"1081":{"start":{"line":1082,"column":0},"end":{"line":1082,"column":9}},"1082":{"start":{"line":1083,"column":0},"end":{"line":1083,"column":6}},"1083":{"start":{"line":1084,"column":0},"end":{"line":1084,"column":36}},"1084":{"start":{"line":1085,"column":0},"end":{"line":1085,"column":36}},"1085":{"start":{"line":1086,"column":0},"end":{"line":1086,"column":41}},"1086":{"start":{"line":1087,"column":0},"end":{"line":1087,"column":42}},"1087":{"start":{"line":1088,"column":0},"end":{"line":1088,"column":36}},"1088":{"start":{"line":1089,"column":0},"end":{"line":1089,"column":25}},"1089":{"start":{"line":1090,"column":0},"end":{"line":1090,"column":63}},"1090":{"start":{"line":1091,"column":0},"end":{"line":1091,"column":7}},"1091":{"start":{"line":1092,"column":0},"end":{"line":1092,"column":29}},"1092":{"start":{"line":1093,"column":0},"end":{"line":1093,"column":64}},"1093":{"start":{"line":1094,"column":0},"end":{"line":1094,"column":7}},"1094":{"start":{"line":1095,"column":0},"end":{"line":1095,"column":31}},"1095":{"start":{"line":1096,"column":0},"end":{"line":1096,"column":96}},"1096":{"start":{"line":1097,"column":0},"end":{"line":1097,"column":7}},"1097":{"start":{"line":1098,"column":0},"end":{"line":1098,"column":5}},"1098":{"start":{"line":1099,"column":0},"end":{"line":1099,"column":10}},"1099":{"start":{"line":1100,"column":0},"end":{"line":1100,"column":68}},"1100":{"start":{"line":1101,"column":0},"end":{"line":1101,"column":3}},"1101":{"start":{"line":1102,"column":0},"end":{"line":1102,"column":16}},"1102":{"start":{"line":1103,"column":0},"end":{"line":1103,"column":27}},"1103":{"start":{"line":1104,"column":0},"end":
[...]
,"column":0}},"439":{"start":{"line":440,"column":0},"end":{"line":440,"column":50}},"440":{"start":{"line":441,"column":0},"end":{"line":441,"column":24}},"441":{"start":{"line":442,"column":0},"end":{"line":442,"column":80}},"442":{"start":{"line":443,"column":0},"end":{"line":443,"column":32}},"443":{"start":{"line":444,"column":0},"end":{"line":444,"column":36}},"444":{"start":{"line":445,"column":0},"end":{"line":445,"column":26}},"445":{"start":{"line":446,"column":0},"end":{"line":446,"column":62}},"446":{"start":{"line":447,"column":0},"end":{"line":447,"column":61}},"447":{"start":{"line":448,"column":0},"end":{"line":448,"column":80}},"448":{"start":{"line":449,"column":0},"end":{"line":449,"column":81}},"449":{"start":{"line":450,"column":0},"end":{"line":450,"column":27}},"450":{"start":{"line":451,"column":0},"end":{"line":451,"column":49}},"451":{"start":{"line":452,"column":0},"end":{"line":452,"column":58}},"452":{"start":{"line":453,"column":0},"end":{"line":453,"column":49}},"453":{"start":{"line":454,"column":0},"end":{"line":454,"column":22}},"454":{"start":{"line":455,"column":0},"end":{"line":455,"column":35}},"455":{"start":{"line":456,"column":0},"end":{"line":456,"column":48}},"456":{"start":{"line":457,"column":0},"end":{"line":457,"column":61}},"457":{"start":{"line":458,"column":0},"end":{"line":458,"column":48}},"458":{"start":{"line":459,"column":0},"end":{"line":459,"column":26}},"459":{"start":{"line":460,"column":0},"end":{"line":460,"column":24}},"460":{"start":{"line":461,"column":0},"end":{"line":461,"column":21}},"461":{"start":{"line":462,"column":0},"end":{"line":462,"column":0}},"462":{"start":{"line":463,"column":0},"end":{"line":463,"column":50}},"463":{"start":{"line":464,"column":0},"end":{"line":464,"column":24}},"464":{"start":{"line":465,"column":0},"end":{"line":465,"column":80}},"465":{"start":{"line":466,"column":0},"end":{"line":466,"column":33}},"466":{"start":{"line":467,"column":0},"end":{"line":467,"column":27}},"467":{"start":{"line":468,"column":0},"end":{"line":468,"column":26}},"468":{"start":{"line":469,"column":0},"end":{"line":469,"column":63}},"469":{"start":{"line":470,"column":0},"end":{"line":470,"column":31}},"470":{"start":{"line":471,"column":0},"end":{"line":471,"column":80}},"471":{"start":{"line":472,"column":0},"end":{"line":472,"column":81}},"472":{"start":{"line":473,"column":0},"end":{"line":473,"column":27}},"473":{"start":{"line":474,"column":0},"end":{"line":474,"column":46}},"474":{"start":{"line":475,"column":0},"end":{"line":475,"column":61}},"475":{"start":{"line":476,"column":0},"end":{"line":476,"column":22}},"476":{"start":{"line":477,"column":0},"end":{"line":477,"column":0}},"477":{"start":{"line":478,"column":0},"end":{"line":478,"column":65}},"478":{"start":{"line":479,"column":0},"end":{"line":479,"column":52}},"479":{"start":{"line":480,"column":0},"end":{"line":480,"column":26}},"480":{"start":{"line":481,"column":0},"end":{"line":481,"column":82}},"481":{"start":{"line":482,"column":0},"end":{"line":482,"column":33}},"482":{"start":{"line":483,"column":0},"end":{"line":483,"column":27}},"483":{"start":{"line":484,"column":0},"end":{"line":484,"column":28}},"484":{"start":{"line":485,"column":0},"end":{"line":485,"column":63}},"485":{"start":{"line":486,"column":0},"end":{"line":486,"column":33}},"486":{"start":{"line":487,"column":0},"end":{"line":487,"column":89}},"487":{"start":{"line":488,"column":0},"end":{"line":488,"column":84}},"488":{"start":{"line":489,"column":0},"end":{"line":489,"column":43}},"489":{"start":{"line":490,"column":0},"end":{"line":490,"column":63}},"490":{"start":{"line":491,"column":0},"end":{"line":491,"column":25}},"491":{"start":{"line":492,"column":0},"end":{"line":492,"column":56}},"492":{"start":{"line":493,"column":0},"end":{"line":493,"column":26}},"493":{"start":{"line":494,"column":0},"end":{"line":494,"column":82}},"494":{"start":{"line":495,"column":0},"end":{"line":495,"column":34}},"495":{"start":{"line":496,"column":0},"end":{"line":496,"column":28}},"496":{"start":{"line":497,"column":0},"end":{"line":497,"column":28}},"497":{"start":{"line":498,"column":0},"end":{"line":498,"column":64}},"498":{"start":{"line":499,"column":0},"end":{"line":499,"column":33}},"499":{"start":{"line":500,"column":0},"end":{"line":500,"column":82}},"500":{"start":{"line":501,"column":0},"end":{"line":501,"column":83}},"501":{"start":{"line":502,"column":0},"end":{"line":502,"column":29}},"502":{"start":{"line":503,"column":0},"end":{"line":503,"column":38}},"503":{"start":{"line":504,"column":0},"end":{"line":504,"column":60}},"504":{"start":{"line":505,"column":0},"end":{"line":505,"column":51}},"505":{"start":{"line":506,"column":0},"end":{"line":506,"column":25}},"506":{"start":{"line":507,"column":0},"end":{"line":507,"column":64}},"507":{"start":{"line":508,"column":0},"end":{"line":508,"column":26}},"508":{"start":{"line":509,"column":0},"end":{"line":509,"column":82}},"509":{"start":{"line":510,"column":0},"end":{"line":510,"column":34}},"510":{"start":{"line":511,"column":0},"end":{"line":511,"column":29}},"511":{"start":{"line":512,"column":0},"end":{"line":512,"column":28}},"512":{"start":{"line":513,"column":0},"end":{"line":513,"column":66}},"513":{"start":{"line":514,"column":0},"end":{"line":514,"column":33}},"514":{"start":{"line":515,"column":0},"end":{"line":515,"column":82}},"515":{"start":{"line":516,"column":0},"end":{"line":516,"column":83}},"516":{"start":{"line":517,"column":0},"end":{"line":517,"column":29}},"517":{"start":{"line":518,"column":0},"end":{"line":518,"column":41}},"518":{"start":{"line":519,"column":0},"end":{"line":519,"column":60}},"519":{"start":{"line":520,"column":0},"end":{"line":520,"column":54}},"520":{"start":{"line":521,"column":0},"end":{"line":521,"column":25}},"521":{"start":{"line":522,"column":0},"end":{"line":522,"column":22}},"522":{"start":{"line":523,"column":0},"end":{"line":523,"column":35}},"523":{"start":{"line":524,"column":0},"end":{"line":524,"column":48}},"524":{"start":{"line":525,"column":0},"end":{"line":525,"column":61}},"525":{"start":{"line":526,"column":0},"end":{"line":526,"column":60}},"526":{"start":{"line":527,"column":0},"end":{"line":527,"column":26}},"527":{"start":{"line":528,"column":0},"end":{"line":528,"column":24}},"528":{"start":{"line":529,"column":0},"end":{"line":529,"column":21}},"529":{"start":{"line":530,"column":0},"end":{"line":530,"column":37}},"530":{"start":{"line":531,"column":0},"end":{"line":531,"column":48}},"531":{"start":{"line":532,"column":0},"end":{"line":532,"column":61}},"532":{"start":{"line":533,"column":0},"end":{"line":533,"column":58}},"533":{"start":{"line":534,"column":0},"end":{"line":534,"column":26}},"534":{"start":{"line":535,"column":0},"end":{"line":535,"column":24}},"535":{"start":{"line":536,"column":0},"end":{"line":536,"column":21}},"536":{"start":{"line":537,"column":0},"end":{"line":537,"column":0}},"537":{"start":{"line":538,"column":0},"end":{"line":538,"column":48}},"538":{"start":{"line":539,"column":0},"end":{"line":539,"column":24}},"539":{"start":{"line":540,"column":0},"end":{"line":540,"column":80}},"540":{"start":{"line":541,"column":0},"end":{"line":541,"column":32}},"541":{"start":{"line":542,"column":0},"end":{"line":542,"column":25}},"542":{"start":{"line":543,"column":0},"end":{"line":543,"column":26}},"543":{"start":{"line":544,"column":0},"end":{"line":544,"column":62}},"544":{"start":{"line":545,"column":0},"end":{"line":545,"column":30}},"545":{"start":{"line":546,"column":0},"end":{"line":546,"column":80}},"546":{"start":{"line":547,"column":0},"end":{"line":547,"column":81}},"547":{"start":{"line":548,"column":0},"end":{"line":548,"column":27}},"548":{"start":{"line":549,"column":0},"end":{"line":549,"column":48}},"549":{"start":{"line":550,"column":0},"end":{"line":550,"column":61}},"550":{"start":{"line":551,"column":0},"end":{"line":551,"column":22}},"551":{"start":{"line":552,"column":0},"end":{"line":552,"column":0}},"552":{"start":{"line":553,"column":0},"end":{"line":553,"column":50}},"553":{"start":{"line":554,"column":0},"end":{"line":554,"column":24}},"554":{"start":{"line":555,"column":0},"end":{"line":555,"column":80}},"555":{"start":{"line":556,"column":0},"end":{"line":556,"column":34}},"556":{"start":{"line":557,"column":0},"end":{"line":557,"column":38}},"557":{"start":{"line":558,"column":0},"end":{"line":558,"column":26}},"558":{"start":{"line":559,"column":0},"end":{"line":559,"column":70}},"559":{"start":{"line":560,"column":0},"end":{"line":560,"column":68}},"560":{"start":{"line":561,"column":0},"end":{"line":561,"column":80}},"561":{"start":{"line":562,"column":0},"end":{"line":562,"column":81}},"562":{"start":{"line":563,"column":0},"end":{"line":563,"column":28}},"563":{"start":{"line":564,"column":0},"end":{"line":564,"column":54}},"564":{"start":{"line":565,"column":0},"end":{"line":565,"column":22}},"565":{"start":{"line":566,"column":0},"end":{"line":566,"column":0}},"566":{"start":{"line":567,"column":0},"end":{"line":567,"column":23}},"567":{"start":{"line":568,"column":0},"end":{"line":568,"column":73}},"568":{"start":{"line":569,"column":0},"end":{"line":569,"column":51}},"569":{"start":{"line":570,"column":0},"end":{"line":570,"column":24}},"570":{"start":{"line":571,"column":0},"end":{"line":571,"column":10}},"571":{"start":{"line":572,"column":0},"end":{"line":572,"column":46}},"572":{"start":{"line":573,"column":0},"end":{"line":573,"column":39}},"573":{"start":{"line":574,"column":0},"end":{"line":574,"column":78}},"574":{"start":{"line":575,"column":0},"end":{"line":575,"column":80}},"575":{"start":{"line":576,"column":0},"end":{"line":576,"column":61}},"576":{"start":{"line":577,"column":0},"end":{"line":577,"column":56}},"577":{"start":{"line":578,"column":0},"end":{"line":578,"column":108}},"578":{"start":{"line":579,"column":0},"end":{"line":579,"column":32}},"579":{"start":{"line":580,"column":0},"end":{"line":580,"column":27}},"580":{"start":{"line":581,"column":0},"end":{"line":581,"column":22}},"581":{"start":{"line":582,"column":0},"end":{"line":582,"column":21}},"582":{"start":{"line":583,"column":0},"end":{"line":583,"column":18}},"583":{"start":{"line":584,"column":0},"end":{"line":584,"column":16}},"584":{"start":{"line":585,"column":0},"end":{"line":585,"column":14}},"585":{"start":{"line":586,"column":0},"end":{"line":586,"column":12}},"586":{"start":{"line":587,"column":0},"end":{"line":587,"column":10}},"587":{"start":{"line":588,"column":0},"end":{"line":588,"column":12}},"588":{"start":{"line":589,"column":0},"end":{"line":589,"column":7}}},"s":{"0":1,"1":1,"2":1,"3":1,"4":1,"5":1,"6":1,"7":1,"8":1,"9":1,"10":1,"11":1,"12":1,"13":1,"14":1,"15":1,"16":1,"17":1,"18":1,"19":1,"20":1,"21":1,"22":1,"23":1,"24":1,"25":1,"26":1,"27":1,"28":1,"29":1,"30":1,"31":1,"32":1,"33":1,"34":1,"35":1,"36":1,"37":1,"38":1,"39":1,"40":1,"41":1,"42":1,"43":1,"44":1,"45":1,"46":1,"47":1,"48":1,"49":1,"50":1,"51":1,"52":1,"53":1,"54":1,"55":1,"56":1,"57":1,"58":1,"59":1,"60":1,"61":1,"62":1,"63":1,"64":1,"65":1,"66":1,"67":1,"68":1,"69":1,"70":1,"71":1,"72":1,"73":1,"74":1,"75":1,"76":1,"77":1,"78":1,"79":1,"80":1,"81":1,"82":1,"83":1,"84":1,"85":1,"86":1,"87":1,"88":1,"89":1,"90":1,"91":1,"92":1,"93":1,"94":1,"95":1,"96":1,"97":1,"98":1,"99":1,"100":1,"101":1,"102":1,"103":1,"104":1,"105":1,"106":1,"107":1,"108":1,"109":1,"110":1,"111":1,"112":1,"113":1,"114":1,"115":1,"116":1,"117":1,"118":1,"119":1,"120":1,"121":1,"122":1,"123":1,"124":1,"125":1,"126":1,"127":1,"128":1,"129":1,"130":1,"131":1,"132":1,"133":1,"134":1,"135":1,"136":1,"137":1,"138":1,"139":1,"140":1,"141":1,"142":1,"143":1,"144":1,"145":1,"146":1,"147":1,"148":1,"149":1,"150":1,"151":1,"152":1,"153":1,"154":1,"155":1,"156":1,"157":1,"158":1,"159":1,"160":1,"161":1,"162":1,"163":1,"164":1,"165":1,"166":1,"167":1,"168":1,"169":1,"170":1,"171":1,"172":1,"173":1,"174":1,"175":1,"176":1,"177":1,"178":1,"179":1,"180":1,"181":1,"182":1,"183":1,"184":1,"185":1,"186":1,"187":1,"188":1,"189":1,"190":1,"191":1,"192":1,"193":1,"194":1,"195":1,"196":1,"197":1,"198":1,"199":1,"200":1,"201":1,"202":1,"203":1,"204":1,"205":1,"206":1,"207":1,"208":1,"209":1,"210":1,"211":1,"212":1,"213":1,"214":1,"215":1,"216":1,"217":1,"218":1,"219":1,"220":1,"221":1,"222":1,"223":1,"224":1,"225":1,"226":1,"227":1,"228":1,"229":1,"230":1,"231":1,"232":1,"233":1,"234":1,"235":1,"236":1,"237":1,"238":1,"239":1,"240":1,"241":1,"242":1,"243":1,"244":1,"245":1,"246":1,"247":1,"248":1,"249":1,"250":1,"251":1,"252":1,"253":1,"254":1,"255":1,"256":1,"257":1,"258":1,"259":1,"260":1,"261":1,"262":1,"263":1,"264":1,"265":1,"266":1,"267":1,"268":1,"269":1,"270":1,"271":1,"272":1,"273":1,"274":1,"275":1,"276":1,"277":1,"278":1,"279":1,"280":1,"281":1,"282":1,"283":1,"284":1,"285":1,"286":1,"287":1,"288":1,"289":1,"290":1,"291":1,"292":1,"293":1,"294":1,"295":1,"296":1,"297":1,"298":1,"299":1,"300":1,"301":1,"302":1,"303":1,"304":1,"305":1,"306":1,"307":1,"308":1,"309":1,"310":1,"311":1,"312":1,"313":1,"314":1,"315":1,"316":1,"317":1,"318":1,"319":1,"320":1,"321":1,"322":1,"323":1,"324":1,"325":1,"326":1,"327":1,"328":1,"329":1,"330":1,"331":1,"332":1,"333":1,"334":1,"335":1,"336":1,"337":1,"338":1,"339":1,"340":1,"341":1,"342":1,"343":1,"344":1,"345":1,"346":1,"347":1,"348":1,"349":1,"350":1,"351":1,"352":1,"353":1,"354":1,"355":1,"356":1,"357":1,"358":1,"359":1,"360":1,"361":1,"362":1,"363":1,"364":1,"365":1,"366":1,"367":1,"368":1,"369":1,"370":1,"371":1,"372":1,"373":1,"374":1,"375":1,"376":1,"377":1,"378":1,"379":1,"380":1,"381":1,"382":1,"383":1,"384":1,"385":1,"386":1,"387":1,"388":1,"389":1,"390":1,"391":1,"392":1,"393":1,"394":1,"395":1,"396":1,"397":1,"398":1,"399":1,"400":1,"401":1,"402":1,"403":1,"404":1,"405":1,"406":1,"407":1,"408":1,"409":1,"410":1,"411":1,"412":1,"413":1,"414":1,"415":1,"416":1,"417":1,"418":1,"419":1,"420":1,"421":1,"422":1,"423":1,"424":1,"425":1,"426":1,"427":1,"428":1,"429":1,"430":1,"431":1,"432":1,"433":1,"434":1,"435":1,"436":1,"437":1,"438":1,"439":1,"440":1,"441":1,"442":1,"443":1,"444":1,"445":1,"446":1,"447":1,"448":1,"449":1,"450":1,"451":1,"452":1,"453":1,"454":1,"455":1,"456":1,"457":1,"458":1,"459":1,"460":1,"461":1,"462":1,"463":1,"464":1,"465":1,"466":1,"467":1,"468":1,"469":1,"470":1,"471":1,"472":1,"473":1,"474":1,"475":1,"476":1,"477":1,"478":1,"479":1,"480":1,"481":1,"482":1,"483":1,"484":1,"485":1,"486":1,"487":1,"488":1,"489":1,"490":1,"491":1,"492":1,"493":1,"494":1,"495":1,"496":1,"497":1,"498":1,"499":1,"500":1,"501":1,"502":1,"503":1,"504":1,"505":1,"506":1,"507":1,"508":1,"509":1,"510":1,"511":1,"512":1,"513":1,"514":1,"515":1,"516":1,"517":1,"518":1,"519":1,"520":1,"521":1,"522":1,"523":1,"524":1,"525":1,"526":1,"527":1,"528":1,"529":1,"530":1,"531":1,"532":1,"533":1,"534":1,"535":1,"536":1,"537":1,"538":1,"539":1,"540":1,"541":1,"542":1,"543":1,"544":1,"545":1,"546":1,"547":1,"548":1,"549":1,"550":1,"551":1,"552":1,"553":1,"554":1,"555":1,"556":1,"557":1,"558":1,"559":1,"560":1,"561":1,"562":1,"563":1,"564":1,"565":1,"566":1,"567":1,"568":1,"569":1,"570":1,"571":1,"572":1,"573":1,"574":1,"575":1,"576":1,"577":1,"578":1,"579":1,"580":1,"581":1,"582":1,"583":1,"584":1,"585":1,"586":1,"587":1,"588":1},"branchMap":{"0":{"type":"branch","line":411,"loc":{"start":{"line":411,"column":37},"end":{"line":411,"column":38}},"locations":[{"start":{"line":411,"column":37},"end":{"line":411,"column":38}}]},"1":{"type":"branch","line":432,"loc":{"start":{"line":432,"column":33},"end":{"line":432,"column":34}},"locations":[{"start":{"line":432,"column":33},"end":{"line":432,"column":34}}]},"2":{"type":"branch","line":455,"loc":{"start":{"line":455,"column":34},"end":{"line":455,"column":35}},"locations":[{"start":{"line":455,"column":34},"end":{"line":455,"column":35}}]},"3":{"type":"branch","line":523,"loc":{"start":{"line":523,"column":34},"end":{"line":523,"column":35}},"locations":[{"start":{"line":523,"column":34},"end":{"line":523,"column":35}}]},"4":{"type":"branch","line":530,"loc":{"start":{"line":530,"column":36},"end":{"line":530,"column":37}},"locations":[{"start":{"line":530,"column":36},"end":{"line":530,"column":37}}]}},"b":{"0":[0],"1":[0],"2":[0],"3":[0],"4":[0]},"fnMap":{},"f":{}}
,"/Users/jim/Development/chs73/src/utils/graphql.js": {"path":"/Users/jim/Development/chs73/src/utils/graphql.js","all":false,"statementMap":{"0":{"start":{"line":1,"column":0},"end":{"line":1,"column":0}}},"s":{"0":1},"branchMap":{},"b":{},"fnMap":{},"f":{}}
,"/Users/jim/Development/chs73/src/utils/validators.js": {"path":"/Users/jim/Development/chs73/src/utils/validators.js","all":false,"statementMap":{"0":{"start":{"line":1,"column":0},"end":{"line":1,"column":35}},"1":{"start":{"line":2,"column":0},"end":{"line":2,"column":166}},"2":{"start":{"line":3,"column":0},"end":{"line":3,"column":58}},"3":{"start":{"line":4,"column":0},"end":{"line":4,"column":1}},"4":{"start":{"line":5,"column":0},"end":{"line":5,"column":0}},"5":{"start":{"line":6,"column":0},"end":{"line":6,"column":34}},"6":{"start":{"line":7,"column":0},"end":{"line":7,"column":81}},"7":{"start":{"line":8,"column":0},"end":{"line":8,"column":67}},"8":{"start":{"line":9,"column":0},"end":{"line":9,"column":1}},"9":{"start":{"line":10,"column":0},"end":{"line":10,"column":0}},"10":{"start":{"line":11,"column":0},"end":{"line":11,"column":33}},"11":{"start":{"line":12,"column":0},"end":{"line":12,"column":92}},"12":{"start":{"line":13,"column":0},"end":{"line":13,"column":1}},"13":{"start":{"line":14,"column":0},"end":{"line":14,"column":0}},"14":{"start":{"line":15,"column":0},"end":{"line":15,"column":35}},"15":{"start":{"line":16,"column":0},"end":{"line":16,"column":321}},"16":{"start":{"line":17,"column":0},"end":{"line":17,"column":0}},"17":{"start":{"line":18,"column":0},"end":{"line":18,"column":76}},"18":{"start":{"line":19,"column":0},"end":{"line":19,"column":1}},"19":{"start":{"line":20,"column":0},"end":{"line":20,"column":0}},"20":{"start":{"line":21,"column":0},"end":{"line":21,"column":37}},"21":{"start":{"line":22,"column":0},"end":{"line":22,"column":42}},"22":{"start":{"line":23,"column":0},"end":{"line":23,"column":66}},"23":{"start":{"line":24,"column":0},"end":{"line":24,"column":1}},"24":{"start":{"line":25,"column":0},"end":{"line":25,"column":0}},"25":{"start":{"line":26,"column":0},"end":{"line":26,"column":8}},"26":{"start":{"line":27,"column":0},"end":{"line":27,"column":17}},"27":{"start":{"line":28,"column":0},"end":{"line":28,"column":16}},"28":{"start":{"line":29,"column":0},"end":{"line":29,"column":17}},"29":{"start":{"line":30,"column":0},"end":{"line":30,"column":19}},"30":{"start":{"line":31,"column":0},"end":{"line":31,"column":19}},"31":{"start":{"line":32,"column":0},"end":{"line":32,"column":1}}},"s":{"0":1,"1":0,"2":0,"3":0,"4":0,"5":1,"6":0,"7":0,"8":0,"9":0,"10":1,"11":0,"12":0,"13":0,"14":1,"15":0,"16":0,"17":0,"18":0,"19":0,"20":1,"21":0,"22":0,"23":0,"24":0,"25":1,"26":1,"27":1,"28":1,"29":1,"30":1,"31":1},"branchMap":{},"b":{},"fnMap":{"0":{"name":"emailValidator","decl":{"start":{"line":2,"column":-1},"end":{"line":5,"column":0}},"loc":{"start":{"line":2,"column":-1},"end":{"line":5,"column":0}},"line":2},"1":{"name":"nameValidator","decl":{"start":{"line":6,"column":23},"end":{"line":10,"column":0}},"loc":{"start":{"line":6,"column":23},"end":{"line":10,"column":0}},"line":6},"2":{"name":"requiredValidator","decl":{"start":{"line":11,"column":27},"end":{"line":14,"column":0}},"loc":{"start":{"line":11,"column":27},"end":{"line":14,"column":0}},"line":11},"3":{"name":"stateValidator","decl":{"start":{"line":15,"column":24},"end":{"line":20,"column":0}},"loc":{"start":{"line":15,"column":24},"end":{"line":20,"column":0}},"line":15},"4":{"name":"zipcodeValidator","decl":{"start":{"line":21,"column":26},"end":{"line":25,"column":0}},"loc":{"start":{"line":21,"column":26},"end":{"line":25,"column":0}},"line":21}},"f":{"0":0,"1":0,"2":0,"3":0,"4":0}}
}
